#
# There is insufficient memory for the Java Runtime Environment to continue.
# Native memory allocation (malloc) failed to allocate 837056 bytes for Chunk::new
# Possible reasons:
#   The system is out of physical RAM or swap space
#   The process is running with CompressedOops enabled, and the Java Heap may be blocking the growth of the native heap
# Possible solutions:
#   Reduce memory load on the system
#   Increase physical memory or swap space
#   Check if swap backing store is full
#   Decrease Java heap size (-Xmx/-Xms)
#   Decrease number of Java threads
#   Decrease Java thread stack sizes (-Xss)
#   Set larger code cache with -XX:ReservedCodeCacheSize=
#   JVM is running with Unscaled Compressed Oops mode in which the Java heap is
#     placed in the first 4GB address space. The Java Heap base address is the
#     maximum limit for the native heap growth. Please use -XX:HeapBaseMinAddress
#     to set the Java Heap base and to place the Java Heap above 4GB virtual address.
# This output file may be truncated or incomplete.
#
#  Out of Memory Error (arena.cpp:189), pid=7656, tid=11688
#
# JRE version: OpenJDK Runtime Environment Temurin-17.0.2+8 (17.0.2+8) (build 17.0.2+8)
# Java VM: OpenJDK 64-Bit Server VM Temurin-17.0.2+8 (17.0.2+8, mixed mode, tiered, compressed oops, compressed class ptrs, g1 gc, windows-amd64)
# No core dump will be written. Minidumps are not enabled by default on client versions of Windows
#

---------------  S U M M A R Y ------------

Command Line: -Dmaven.home=EMBEDDED -Dclassworlds.conf=C:\Users\ADMIN\.metadata\.plugins\org.eclipse.m2e.launching\launches\m2conf17735164568761480725.tmp -Dmaven.multiModuleProjectDirectory=C:\Users\ADMIN\springmongo1 -Djansi.force=true -Djansi.passthrough=true -Dfile.encoding=Cp1252 -XX:+ShowCodeDetailsInExceptionMessages org.codehaus.plexus.classworlds.launcher.Launcher -Ppom.xml -B install -Dstyle.color=always

Host: Intel(R) Xeon(R) Platinum 8171M CPU @ 2.60GHz, 2 cores, 7G,  Windows 10 , 64 bit Build 19041 (10.0.19041.1706)
Time: Wed Jun  1 03:53:05 2022 Coordinated Universal Time elapsed time: 4.567804 seconds (0d 0h 0m 4s)

---------------  T H R E A D  ---------------

Current thread (0x0000020458014480):  JavaThread "C2 CompilerThread0" daemon [_thread_in_native, id=11688, stack(0x0000009201d00000,0x0000009201e00000)]


Current CompileTask:
C2:   4567 1524   !   4       java.net.URL::<init> (543 bytes)

Stack: [0x0000009201d00000,0x0000009201e00000]
Native frames: (J=compiled Java code, j=interpreted, Vv=VM code, C=native code)
V  [jvm.dll+0x67564a]
V  [jvm.dll+0x82fc04]
V  [jvm.dll+0x8313ae]
V  [jvm.dll+0x831a13]
V  [jvm.dll+0x245235]
V  [jvm.dll+0xabd7b]
V  [jvm.dll+0xac30c]
V  [jvm.dll+0x2ac33f]
V  [jvm.dll+0x57c559]
V  [jvm.dll+0x2202ed]
V  [jvm.dll+0x2206cf]
V  [jvm.dll+0x219f25]
V  [jvm.dll+0x2173eb]
V  [jvm.dll+0x1a3a8d]
V  [jvm.dll+0x226ef8]
V  [jvm.dll+0x22503c]
V  [jvm.dll+0x7e596b]
V  [jvm.dll+0x7dff2a]
V  [jvm.dll+0x6744d5]
C  [ucrtbase.dll+0x21bb2]
C  [KERNEL32.DLL+0x17034]
C  [ntdll.dll+0x52651]


---------------  P R O C E S S  ---------------

Threads class SMR info:
_java_thread_list=0x000002045812f000, length=12, elements={
0x000002043e270470, 0x0000020457510960, 0x0000020457512160, 0x00000204580085b0,
0x000002045800ae80, 0x000002045800bee0, 0x000002045800d7b0, 0x0000020458014480,
0x00000204580175e0, 0x0000020457583f90, 0x000002045814ded0, 0x000002045815f310
}

Java Threads: ( => current thread )
  0x000002043e270470 JavaThread "main" [_thread_in_vm, id=8652, stack(0x0000009201000000,0x0000009201100000)]
  0x0000020457510960 JavaThread "Reference Handler" daemon [_thread_blocked, id=8712, stack(0x0000009201700000,0x0000009201800000)]
  0x0000020457512160 JavaThread "Finalizer" daemon [_thread_blocked, id=11832, stack(0x0000009201800000,0x0000009201900000)]
  0x00000204580085b0 JavaThread "Signal Dispatcher" daemon [_thread_blocked, id=11164, stack(0x0000009201900000,0x0000009201a00000)]
  0x000002045800ae80 JavaThread "Attach Listener" daemon [_thread_blocked, id=12096, stack(0x0000009201a00000,0x0000009201b00000)]
  0x000002045800bee0 JavaThread "Service Thread" daemon [_thread_blocked, id=8016, stack(0x0000009201b00000,0x0000009201c00000)]
  0x000002045800d7b0 JavaThread "Monitor Deflation Thread" daemon [_thread_blocked, id=10832, stack(0x0000009201c00000,0x0000009201d00000)]
=>0x0000020458014480 JavaThread "C2 CompilerThread0" daemon [_thread_in_native, id=11688, stack(0x0000009201d00000,0x0000009201e00000)]
  0x00000204580175e0 JavaThread "C1 CompilerThread0" daemon [_thread_blocked, id=11876, stack(0x0000009201e00000,0x0000009201f00000)]
  0x0000020457583f90 JavaThread "Sweeper thread" daemon [_thread_blocked, id=4580, stack(0x0000009201f00000,0x0000009202000000)]
  0x000002045814ded0 JavaThread "Notification Thread" daemon [_thread_blocked, id=6252, stack(0x0000009202000000,0x0000009202100000)]
  0x000002045815f310 JavaThread "Common-Cleaner" daemon [_thread_blocked, id=4492, stack(0x0000009202200000,0x0000009202300000)]

Other Threads:
  0x00000204574cd470 VMThread "VM Thread" [stack: 0x0000009201600000,0x0000009201700000] [id=7412]
  0x00000204581523b0 WatcherThread [stack: 0x0000009202100000,0x0000009202200000] [id=5420]
  0x000002043e2af180 GCTaskThread "GC Thread#0" [stack: 0x0000009201100000,0x0000009201200000] [id=1324]
  0x000002045855d430 GCTaskThread "GC Thread#1" [stack: 0x0000009202300000,0x0000009202400000] [id=2456]
  0x000002043e2bffd0 ConcurrentGCThread "G1 Main Marker" [stack: 0x0000009201200000,0x0000009201300000] [id=7052]
  0x000002043e2c30b0 ConcurrentGCThread "G1 Conc#0" [stack: 0x0000009201300000,0x0000009201400000] [id=8916]
  0x000002043e32eff0 ConcurrentGCThread "G1 Refine#0" [stack: 0x0000009201400000,0x0000009201500000] [id=4680]
  0x000002043e3300c0 ConcurrentGCThread "G1 Service" [stack: 0x0000009201500000,0x0000009201600000] [id=12132]

Threads with active compile tasks:
C2 CompilerThread0     4608 1524   !   4       java.net.URL::<init> (543 bytes)

VM state: not at safepoint (normal execution)

VM Mutex/Monitor currently owned by a thread: None

Heap address: 0x0000000080000000, size: 2048 MB, Compressed Oops mode: 32-bit

CDS archive(s) not mapped
Compressed class space mapped at: 0x0000000100000000-0x0000000140000000, reserved size: 1073741824
Narrow klass base: 0x0000000000000000, Narrow klass shift: 3, Narrow klass range: 0x140000000

GC Precious Log:
 CPUs: 2 total, 2 available
 Memory: 8190M
 Large Page Support: Disabled
 NUMA Support: Disabled
 Compressed Oops: Enabled (32-bit)
 Heap Region Size: 1M
 Heap Min Capacity: 8M
 Heap Initial Capacity: 128M
 Heap Max Capacity: 2G
 Pre-touch: Disabled
 Parallel Workers: 2
 Concurrent Workers: 1
 Concurrent Refinement Workers: 2
 Periodic GC: Disabled

Heap:
 garbage-first heap   total 131072K, used 31932K [0x0000000080000000, 0x0000000100000000)
  region size 1024K, 31 young (31744K), 2 survivors (2048K)
 Metaspace       used 17045K, committed 17216K, reserved 1064960K
  class space    used 1795K, committed 1920K, reserved 1048576K

Heap Regions: E=young(eden), S=young(survivor), O=old, HS=humongous(starts), HC=humongous(continues), CS=collection set, F=free, OA=open archive, CA=closed archive, TAMS=top-at-mark-start (previous, next)
|   0|0x0000000080000000, 0x0000000080100000, 0x0000000080100000|100%| O|  |TAMS 0x0000000080000000, 0x0000000080000000| Untracked 
|   1|0x0000000080100000, 0x00000000801a1e00, 0x0000000080200000| 63%| O|  |TAMS 0x0000000080100000, 0x0000000080100000| Untracked 
|   2|0x0000000080200000, 0x0000000080200000, 0x0000000080300000|  0%| F|  |TAMS 0x0000000080200000, 0x0000000080200000| Untracked 
|   3|0x0000000080300000, 0x0000000080300000, 0x0000000080400000|  0%| F|  |TAMS 0x0000000080300000, 0x0000000080300000| Untracked 
|   4|0x0000000080400000, 0x0000000080400000, 0x0000000080500000|  0%| F|  |TAMS 0x0000000080400000, 0x0000000080400000| Untracked 
|   5|0x0000000080500000, 0x0000000080500000, 0x0000000080600000|  0%| F|  |TAMS 0x0000000080500000, 0x0000000080500000| Untracked 
|   6|0x0000000080600000, 0x0000000080600000, 0x0000000080700000|  0%| F|  |TAMS 0x0000000080600000, 0x0000000080600000| Untracked 
|   7|0x0000000080700000, 0x0000000080700000, 0x0000000080800000|  0%| F|  |TAMS 0x0000000080700000, 0x0000000080700000| Untracked 
|   8|0x0000000080800000, 0x0000000080800000, 0x0000000080900000|  0%| F|  |TAMS 0x0000000080800000, 0x0000000080800000| Untracked 
|   9|0x0000000080900000, 0x0000000080900000, 0x0000000080a00000|  0%| F|  |TAMS 0x0000000080900000, 0x0000000080900000| Untracked 
|  10|0x0000000080a00000, 0x0000000080a00000, 0x0000000080b00000|  0%| F|  |TAMS 0x0000000080a00000, 0x0000000080a00000| Untracked 
|  11|0x0000000080b00000, 0x0000000080b00000, 0x0000000080c00000|  0%| F|  |TAMS 0x0000000080b00000, 0x0000000080b00000| Untracked 
|  12|0x0000000080c00000, 0x0000000080c00000, 0x0000000080d00000|  0%| F|  |TAMS 0x0000000080c00000, 0x0000000080c00000| Untracked 
|  13|0x0000000080d00000, 0x0000000080d00000, 0x0000000080e00000|  0%| F|  |TAMS 0x0000000080d00000, 0x0000000080d00000| Untracked 
|  14|0x0000000080e00000, 0x0000000080e00000, 0x0000000080f00000|  0%| F|  |TAMS 0x0000000080e00000, 0x0000000080e00000| Untracked 
|  15|0x0000000080f00000, 0x0000000080f00000, 0x0000000081000000|  0%| F|  |TAMS 0x0000000080f00000, 0x0000000080f00000| Untracked 
|  16|0x0000000081000000, 0x0000000081000000, 0x0000000081100000|  0%| F|  |TAMS 0x0000000081000000, 0x0000000081000000| Untracked 
|  17|0x0000000081100000, 0x0000000081100000, 0x0000000081200000|  0%| F|  |TAMS 0x0000000081100000, 0x0000000081100000| Untracked 
|  18|0x0000000081200000, 0x0000000081200000, 0x0000000081300000|  0%| F|  |TAMS 0x0000000081200000, 0x0000000081200000| Untracked 
|  19|0x0000000081300000, 0x0000000081300000, 0x0000000081400000|  0%| F|  |TAMS 0x0000000081300000, 0x0000000081300000| Untracked 
|  20|0x0000000081400000, 0x0000000081400000, 0x0000000081500000|  0%| F|  |TAMS 0x0000000081400000, 0x0000000081400000| Untracked 
|  21|0x0000000081500000, 0x0000000081500000, 0x0000000081600000|  0%| F|  |TAMS 0x0000000081500000, 0x0000000081500000| Untracked 
|  22|0x0000000081600000, 0x0000000081600000, 0x0000000081700000|  0%| F|  |TAMS 0x0000000081600000, 0x0000000081600000| Untracked 
|  23|0x0000000081700000, 0x0000000081700000, 0x0000000081800000|  0%| F|  |TAMS 0x0000000081700000, 0x0000000081700000| Untracked 
|  24|0x0000000081800000, 0x0000000081800000, 0x0000000081900000|  0%| F|  |TAMS 0x0000000081800000, 0x0000000081800000| Untracked 
|  25|0x0000000081900000, 0x0000000081900000, 0x0000000081a00000|  0%| F|  |TAMS 0x0000000081900000, 0x0000000081900000| Untracked 
|  26|0x0000000081a00000, 0x0000000081a00000, 0x0000000081b00000|  0%| F|  |TAMS 0x0000000081a00000, 0x0000000081a00000| Untracked 
|  27|0x0000000081b00000, 0x0000000081b00000, 0x0000000081c00000|  0%| F|  |TAMS 0x0000000081b00000, 0x0000000081b00000| Untracked 
|  28|0x0000000081c00000, 0x0000000081c00000, 0x0000000081d00000|  0%| F|  |TAMS 0x0000000081c00000, 0x0000000081c00000| Untracked 
|  29|0x0000000081d00000, 0x0000000081d00000, 0x0000000081e00000|  0%| F|  |TAMS 0x0000000081d00000, 0x0000000081d00000| Untracked 
|  30|0x0000000081e00000, 0x0000000081e00000, 0x0000000081f00000|  0%| F|  |TAMS 0x0000000081e00000, 0x0000000081e00000| Untracked 
|  31|0x0000000081f00000, 0x0000000081f00000, 0x0000000082000000|  0%| F|  |TAMS 0x0000000081f00000, 0x0000000081f00000| Untracked 
|  32|0x0000000082000000, 0x0000000082000000, 0x0000000082100000|  0%| F|  |TAMS 0x0000000082000000, 0x0000000082000000| Untracked 
|  33|0x0000000082100000, 0x0000000082100000, 0x0000000082200000|  0%| F|  |TAMS 0x0000000082100000, 0x0000000082100000| Untracked 
|  34|0x0000000082200000, 0x0000000082200000, 0x0000000082300000|  0%| F|  |TAMS 0x0000000082200000, 0x0000000082200000| Untracked 
|  35|0x0000000082300000, 0x0000000082300000, 0x0000000082400000|  0%| F|  |TAMS 0x0000000082300000, 0x0000000082300000| Untracked 
|  36|0x0000000082400000, 0x0000000082400000, 0x0000000082500000|  0%| F|  |TAMS 0x0000000082400000, 0x0000000082400000| Untracked 
|  37|0x0000000082500000, 0x0000000082500000, 0x0000000082600000|  0%| F|  |TAMS 0x0000000082500000, 0x0000000082500000| Untracked 
|  38|0x0000000082600000, 0x0000000082600000, 0x0000000082700000|  0%| F|  |TAMS 0x0000000082600000, 0x0000000082600000| Untracked 
|  39|0x0000000082700000, 0x0000000082700000, 0x0000000082800000|  0%| F|  |TAMS 0x0000000082700000, 0x0000000082700000| Untracked 
|  40|0x0000000082800000, 0x0000000082800000, 0x0000000082900000|  0%| F|  |TAMS 0x0000000082800000, 0x0000000082800000| Untracked 
|  41|0x0000000082900000, 0x0000000082900000, 0x0000000082a00000|  0%| F|  |TAMS 0x0000000082900000, 0x0000000082900000| Untracked 
|  42|0x0000000082a00000, 0x0000000082a00000, 0x0000000082b00000|  0%| F|  |TAMS 0x0000000082a00000, 0x0000000082a00000| Untracked 
|  43|0x0000000082b00000, 0x0000000082b00000, 0x0000000082c00000|  0%| F|  |TAMS 0x0000000082b00000, 0x0000000082b00000| Untracked 
|  44|0x0000000082c00000, 0x0000000082c00000, 0x0000000082d00000|  0%| F|  |TAMS 0x0000000082c00000, 0x0000000082c00000| Untracked 
|  45|0x0000000082d00000, 0x0000000082d00000, 0x0000000082e00000|  0%| F|  |TAMS 0x0000000082d00000, 0x0000000082d00000| Untracked 
|  46|0x0000000082e00000, 0x0000000082e00000, 0x0000000082f00000|  0%| F|  |TAMS 0x0000000082e00000, 0x0000000082e00000| Untracked 
|  47|0x0000000082f00000, 0x0000000082f00000, 0x0000000083000000|  0%| F|  |TAMS 0x0000000082f00000, 0x0000000082f00000| Untracked 
|  48|0x0000000083000000, 0x0000000083000000, 0x0000000083100000|  0%| F|  |TAMS 0x0000000083000000, 0x0000000083000000| Untracked 
|  49|0x0000000083100000, 0x0000000083100000, 0x0000000083200000|  0%| F|  |TAMS 0x0000000083100000, 0x0000000083100000| Untracked 
|  50|0x0000000083200000, 0x0000000083200000, 0x0000000083300000|  0%| F|  |TAMS 0x0000000083200000, 0x0000000083200000| Untracked 
|  51|0x0000000083300000, 0x0000000083300000, 0x0000000083400000|  0%| F|  |TAMS 0x0000000083300000, 0x0000000083300000| Untracked 
|  52|0x0000000083400000, 0x0000000083400000, 0x0000000083500000|  0%| F|  |TAMS 0x0000000083400000, 0x0000000083400000| Untracked 
|  53|0x0000000083500000, 0x0000000083500000, 0x0000000083600000|  0%| F|  |TAMS 0x0000000083500000, 0x0000000083500000| Untracked 
|  54|0x0000000083600000, 0x0000000083600000, 0x0000000083700000|  0%| F|  |TAMS 0x0000000083600000, 0x0000000083600000| Untracked 
|  55|0x0000000083700000, 0x0000000083700000, 0x0000000083800000|  0%| F|  |TAMS 0x0000000083700000, 0x0000000083700000| Untracked 
|  56|0x0000000083800000, 0x0000000083800000, 0x0000000083900000|  0%| F|  |TAMS 0x0000000083800000, 0x0000000083800000| Untracked 
|  57|0x0000000083900000, 0x0000000083900000, 0x0000000083a00000|  0%| F|  |TAMS 0x0000000083900000, 0x0000000083900000| Untracked 
|  58|0x0000000083a00000, 0x0000000083a00000, 0x0000000083b00000|  0%| F|  |TAMS 0x0000000083a00000, 0x0000000083a00000| Untracked 
|  59|0x0000000083b00000, 0x0000000083b00000, 0x0000000083c00000|  0%| F|  |TAMS 0x0000000083b00000, 0x0000000083b00000| Untracked 
|  60|0x0000000083c00000, 0x0000000083c00000, 0x0000000083d00000|  0%| F|  |TAMS 0x0000000083c00000, 0x0000000083c00000| Untracked 
|  61|0x0000000083d00000, 0x0000000083d00000, 0x0000000083e00000|  0%| F|  |TAMS 0x0000000083d00000, 0x0000000083d00000| Untracked 
|  62|0x0000000083e00000, 0x0000000083e00000, 0x0000000083f00000|  0%| F|  |TAMS 0x0000000083e00000, 0x0000000083e00000| Untracked 
|  63|0x0000000083f00000, 0x0000000083f00000, 0x0000000084000000|  0%| F|  |TAMS 0x0000000083f00000, 0x0000000083f00000| Untracked 
|  64|0x0000000084000000, 0x0000000084000000, 0x0000000084100000|  0%| F|  |TAMS 0x0000000084000000, 0x0000000084000000| Untracked 
|  65|0x0000000084100000, 0x0000000084100000, 0x0000000084200000|  0%| F|  |TAMS 0x0000000084100000, 0x0000000084100000| Untracked 
|  66|0x0000000084200000, 0x0000000084200000, 0x0000000084300000|  0%| F|  |TAMS 0x0000000084200000, 0x0000000084200000| Untracked 
|  67|0x0000000084300000, 0x0000000084300000, 0x0000000084400000|  0%| F|  |TAMS 0x0000000084300000, 0x0000000084300000| Untracked 
|  68|0x0000000084400000, 0x0000000084400000, 0x0000000084500000|  0%| F|  |TAMS 0x0000000084400000, 0x0000000084400000| Untracked 
|  69|0x0000000084500000, 0x0000000084500000, 0x0000000084600000|  0%| F|  |TAMS 0x0000000084500000, 0x0000000084500000| Untracked 
|  70|0x0000000084600000, 0x0000000084600000, 0x0000000084700000|  0%| F|  |TAMS 0x0000000084600000, 0x0000000084600000| Untracked 
|  71|0x0000000084700000, 0x0000000084700000, 0x0000000084800000|  0%| F|  |TAMS 0x0000000084700000, 0x0000000084700000| Untracked 
|  72|0x0000000084800000, 0x0000000084800000, 0x0000000084900000|  0%| F|  |TAMS 0x0000000084800000, 0x0000000084800000| Untracked 
|  73|0x0000000084900000, 0x0000000084900000, 0x0000000084a00000|  0%| F|  |TAMS 0x0000000084900000, 0x0000000084900000| Untracked 
|  74|0x0000000084a00000, 0x0000000084a00000, 0x0000000084b00000|  0%| F|  |TAMS 0x0000000084a00000, 0x0000000084a00000| Untracked 
|  75|0x0000000084b00000, 0x0000000084b00000, 0x0000000084c00000|  0%| F|  |TAMS 0x0000000084b00000, 0x0000000084b00000| Untracked 
|  76|0x0000000084c00000, 0x0000000084c00000, 0x0000000084d00000|  0%| F|  |TAMS 0x0000000084c00000, 0x0000000084c00000| Untracked 
|  77|0x0000000084d00000, 0x0000000084d00000, 0x0000000084e00000|  0%| F|  |TAMS 0x0000000084d00000, 0x0000000084d00000| Untracked 
|  78|0x0000000084e00000, 0x0000000084e00000, 0x0000000084f00000|  0%| F|  |TAMS 0x0000000084e00000, 0x0000000084e00000| Untracked 
|  79|0x0000000084f00000, 0x0000000084f00000, 0x0000000085000000|  0%| F|  |TAMS 0x0000000084f00000, 0x0000000084f00000| Untracked 
|  80|0x0000000085000000, 0x0000000085000000, 0x0000000085100000|  0%| F|  |TAMS 0x0000000085000000, 0x0000000085000000| Untracked 
|  81|0x0000000085100000, 0x0000000085100000, 0x0000000085200000|  0%| F|  |TAMS 0x0000000085100000, 0x0000000085100000| Untracked 
|  82|0x0000000085200000, 0x0000000085200000, 0x0000000085300000|  0%| F|  |TAMS 0x0000000085200000, 0x0000000085200000| Untracked 
|  83|0x0000000085300000, 0x0000000085300000, 0x0000000085400000|  0%| F|  |TAMS 0x0000000085300000, 0x0000000085300000| Untracked 
|  84|0x0000000085400000, 0x0000000085400000, 0x0000000085500000|  0%| F|  |TAMS 0x0000000085400000, 0x0000000085400000| Untracked 
|  85|0x0000000085500000, 0x0000000085500000, 0x0000000085600000|  0%| F|  |TAMS 0x0000000085500000, 0x0000000085500000| Untracked 
|  86|0x0000000085600000, 0x0000000085600000, 0x0000000085700000|  0%| F|  |TAMS 0x0000000085600000, 0x0000000085600000| Untracked 
|  87|0x0000000085700000, 0x0000000085700000, 0x0000000085800000|  0%| F|  |TAMS 0x0000000085700000, 0x0000000085700000| Untracked 
|  88|0x0000000085800000, 0x0000000085800000, 0x0000000085900000|  0%| F|  |TAMS 0x0000000085800000, 0x0000000085800000| Untracked 
|  89|0x0000000085900000, 0x0000000085900000, 0x0000000085a00000|  0%| F|  |TAMS 0x0000000085900000, 0x0000000085900000| Untracked 
|  90|0x0000000085a00000, 0x0000000085a00000, 0x0000000085b00000|  0%| F|  |TAMS 0x0000000085a00000, 0x0000000085a00000| Untracked 
|  91|0x0000000085b00000, 0x0000000085b00000, 0x0000000085c00000|  0%| F|  |TAMS 0x0000000085b00000, 0x0000000085b00000| Untracked 
|  92|0x0000000085c00000, 0x0000000085c00000, 0x0000000085d00000|  0%| F|  |TAMS 0x0000000085c00000, 0x0000000085c00000| Untracked 
|  93|0x0000000085d00000, 0x0000000085d00000, 0x0000000085e00000|  0%| F|  |TAMS 0x0000000085d00000, 0x0000000085d00000| Untracked 
|  94|0x0000000085e00000, 0x0000000085e00000, 0x0000000085f00000|  0%| F|  |TAMS 0x0000000085e00000, 0x0000000085e00000| Untracked 
|  95|0x0000000085f00000, 0x0000000085f00000, 0x0000000086000000|  0%| F|  |TAMS 0x0000000085f00000, 0x0000000085f00000| Untracked 
|  96|0x0000000086000000, 0x0000000086000000, 0x0000000086100000|  0%| F|  |TAMS 0x0000000086000000, 0x0000000086000000| Untracked 
|  97|0x0000000086100000, 0x0000000086180c10, 0x0000000086200000| 50%| E|  |TAMS 0x0000000086100000, 0x0000000086100000| Complete 
|  98|0x0000000086200000, 0x0000000086300000, 0x0000000086300000|100%| E|CS|TAMS 0x0000000086200000, 0x0000000086200000| Complete 
|  99|0x0000000086300000, 0x0000000086400000, 0x0000000086400000|100%| E|CS|TAMS 0x0000000086300000, 0x0000000086300000| Complete 
| 100|0x0000000086400000, 0x0000000086500000, 0x0000000086500000|100%| E|CS|TAMS 0x0000000086400000, 0x0000000086400000| Complete 
| 101|0x0000000086500000, 0x0000000086600000, 0x0000000086600000|100%| E|CS|TAMS 0x0000000086500000, 0x0000000086500000| Complete 
| 102|0x0000000086600000, 0x0000000086700000, 0x0000000086700000|100%| E|CS|TAMS 0x0000000086600000, 0x0000000086600000| Complete 
| 103|0x0000000086700000, 0x0000000086800000, 0x0000000086800000|100%| E|CS|TAMS 0x0000000086700000, 0x0000000086700000| Complete 
| 104|0x0000000086800000, 0x0000000086900000, 0x0000000086900000|100%| E|CS|TAMS 0x0000000086800000, 0x0000000086800000| Complete 
| 105|0x0000000086900000, 0x0000000086a00000, 0x0000000086a00000|100%| E|CS|TAMS 0x0000000086900000, 0x0000000086900000| Complete 
| 106|0x0000000086a00000, 0x0000000086b00000, 0x0000000086b00000|100%| E|CS|TAMS 0x0000000086a00000, 0x0000000086a00000| Complete 
| 107|0x0000000086b00000, 0x0000000086c00000, 0x0000000086c00000|100%| E|CS|TAMS 0x0000000086b00000, 0x0000000086b00000| Complete 
| 108|0x0000000086c00000, 0x0000000086d00000, 0x0000000086d00000|100%| E|CS|TAMS 0x0000000086c00000, 0x0000000086c00000| Complete 
| 109|0x0000000086d00000, 0x0000000086e00000, 0x0000000086e00000|100%| E|CS|TAMS 0x0000000086d00000, 0x0000000086d00000| Complete 
| 110|0x0000000086e00000, 0x0000000086f00000, 0x0000000086f00000|100%| E|CS|TAMS 0x0000000086e00000, 0x0000000086e00000| Complete 
| 111|0x0000000086f00000, 0x0000000087000000, 0x0000000087000000|100%| E|CS|TAMS 0x0000000086f00000, 0x0000000086f00000| Complete 
| 112|0x0000000087000000, 0x0000000087100000, 0x0000000087100000|100%| E|CS|TAMS 0x0000000087000000, 0x0000000087000000| Complete 
| 113|0x0000000087100000, 0x0000000087200000, 0x0000000087200000|100%| E|CS|TAMS 0x0000000087100000, 0x0000000087100000| Complete 
| 114|0x0000000087200000, 0x0000000087300000, 0x0000000087300000|100%| E|CS|TAMS 0x0000000087200000, 0x0000000087200000| Complete 
| 115|0x0000000087300000, 0x0000000087400000, 0x0000000087400000|100%| E|CS|TAMS 0x0000000087300000, 0x0000000087300000| Complete 
| 116|0x0000000087400000, 0x000000008748d510, 0x0000000087500000| 55%| S|CS|TAMS 0x0000000087400000, 0x0000000087400000| Complete 
| 117|0x0000000087500000, 0x0000000087600000, 0x0000000087600000|100%| S|CS|TAMS 0x0000000087500000, 0x0000000087500000| Complete 
| 118|0x0000000087600000, 0x0000000087700000, 0x0000000087700000|100%| E|CS|TAMS 0x0000000087600000, 0x0000000087600000| Complete 
| 119|0x0000000087700000, 0x0000000087800000, 0x0000000087800000|100%| E|CS|TAMS 0x0000000087700000, 0x0000000087700000| Complete 
| 120|0x0000000087800000, 0x0000000087900000, 0x0000000087900000|100%| E|CS|TAMS 0x0000000087800000, 0x0000000087800000| Complete 
| 121|0x0000000087900000, 0x0000000087a00000, 0x0000000087a00000|100%| E|CS|TAMS 0x0000000087900000, 0x0000000087900000| Complete 
| 122|0x0000000087a00000, 0x0000000087b00000, 0x0000000087b00000|100%| E|CS|TAMS 0x0000000087a00000, 0x0000000087a00000| Complete 
| 123|0x0000000087b00000, 0x0000000087c00000, 0x0000000087c00000|100%| E|CS|TAMS 0x0000000087b00000, 0x0000000087b00000| Complete 
| 124|0x0000000087c00000, 0x0000000087d00000, 0x0000000087d00000|100%| E|CS|TAMS 0x0000000087c00000, 0x0000000087c00000| Complete 
| 125|0x0000000087d00000, 0x0000000087e00000, 0x0000000087e00000|100%| E|CS|TAMS 0x0000000087d00000, 0x0000000087d00000| Complete 
| 126|0x0000000087e00000, 0x0000000087f00000, 0x0000000087f00000|100%| E|CS|TAMS 0x0000000087e00000, 0x0000000087e00000| Complete 
| 127|0x0000000087f00000, 0x0000000088000000, 0x0000000088000000|100%| E|CS|TAMS 0x0000000087f00000, 0x0000000087f00000| Complete 

Card table byte_map: [0x0000020450930000,0x0000020450d30000] _byte_map_base: 0x0000020450530000

Marking Bits (Prev, Next): (CMBitMap*) 0x000002043e2af6a0, (CMBitMap*) 0x000002043e2af6e0
 Prev Bits: [0x0000020451130000, 0x0000020453130000)
 Next Bits: [0x0000020453130000, 0x0000020455130000)

Polling page: 0x000002043c100000

Metaspace:

Usage:
  Non-class:     14.90 MB used.
      Class:      1.75 MB used.
       Both:     16.66 MB used.

Virtual space:
  Non-class space:       16.00 MB reserved,      14.94 MB ( 93%) committed,  2 nodes.
      Class space:        1.00 GB reserved,       1.88 MB ( <1%) committed,  1 nodes.
             Both:        1.02 GB reserved,      16.81 MB (  2%) committed. 

Chunk freelists:
   Non-Class:  896.00 KB
       Class:  2.03 MB
        Both:  2.91 MB

MaxMetaspaceSize: unlimited
CompressedClassSpaceSize: 1.00 GB
Initial GC threshold: 21.00 MB
Current GC threshold: 21.00 MB
CDS: off
MetaspaceReclaimPolicy: balanced
 - commit_granule_bytes: 65536.
 - commit_granule_words: 8192.
 - virtual_space_node_default_size: 1048576.
 - enlarge_chunks_in_place: 1.
 - new_chunks_are_fully_committed: 0.
 - uncommit_free_chunks: 1.
 - use_allocation_guard: 0.
 - handle_deallocations: 1.


Internal statistics:

num_allocs_failed_limit: 0.
num_arena_births: 28.
num_arena_deaths: 0.
num_vsnodes_births: 3.
num_vsnodes_deaths: 0.
num_space_committed: 269.
num_space_uncommitted: 0.
num_chunks_returned_to_freelist: 0.
num_chunks_taken_from_freelist: 353.
num_chunk_merges: 0.
num_chunk_splits: 246.
num_chunks_enlarged: 200.
num_purges: 0.
num_inconsistent_stats: 0.

CodeHeap 'non-profiled nmethods': size=120064Kb used=566Kb max_used=566Kb free=119497Kb
 bounds [0x00000204493f0000, 0x0000020449660000, 0x0000020450930000]
CodeHeap 'profiled nmethods': size=120000Kb used=3014Kb max_used=3014Kb free=116985Kb
 bounds [0x0000020441ec0000, 0x00000204421c0000, 0x00000204493f0000]
CodeHeap 'non-nmethods': size=5696Kb used=1151Kb max_used=1182Kb free=4545Kb
 bounds [0x0000020441930000, 0x0000020441ba0000, 0x0000020441ec0000]
 total_blobs=1986 nmethods=1544 adapters=355
 compilation: enabled
              stopped_count=0, restarted_count=0
 full_count=0

Compilation events (20 events):
Event: 4.505 Thread 0x00000204580175e0 1533       3       jdk.internal.org.objectweb.asm.SymbolTable$Entry::<init> (18 bytes)
Event: 4.505 Thread 0x00000204580175e0 nmethod 1533 0x00000204421a9e90 code [0x00000204421aa040, 0x00000204421aa1c8]
Event: 4.506 Thread 0x00000204580175e0 1534       3       com.google.inject.spi.InjectionPoint$InjectableField::toInjectionPoint (20 bytes)
Event: 4.506 Thread 0x00000204580175e0 nmethod 1534 0x00000204421aa290 code [0x00000204421aa440, 0x00000204421aa5e8]
Event: 4.506 Thread 0x00000204580175e0 1535       3       java.lang.reflect.Field::getDeclaredAnnotations (8 bytes)
Event: 4.506 Thread 0x00000204580175e0 nmethod 1535 0x00000204421aa690 code [0x00000204421aa860, 0x00000204421aac88]
Event: 4.506 Thread 0x00000204580175e0 1536       3       com.google.inject.TypeLiteral::getFieldType (30 bytes)
Event: 4.508 Thread 0x00000204580175e0 nmethod 1536 0x00000204421aae10 code [0x00000204421ab160, 0x00000204421ac838]
Event: 4.508 Thread 0x00000204580175e0 1537       3       com.google.inject.spi.InjectionPoint::forInstanceMethodsAndFields (8 bytes)
Event: 4.509 Thread 0x00000204580175e0 nmethod 1537 0x00000204421ad010 code [0x00000204421ad1c0, 0x00000204421ad3b8]
Event: 4.511 Thread 0x00000204580175e0 1538   !   3       com.google.inject.internal.BindingBuilder::toProvider (69 bytes)
Event: 4.512 Thread 0x00000204580175e0 nmethod 1538 0x00000204421ad490 code [0x00000204421ad740, 0x00000204421ae9b8]
Event: 4.521 Thread 0x00000204580175e0 1539       3       java.lang.Boolean::valueOf (14 bytes)
Event: 4.521 Thread 0x00000204580175e0 nmethod 1539 0x00000204421aef90 code [0x00000204421af120, 0x00000204421af298]
Event: 4.521 Thread 0x00000204580175e0 1540       3       com.google.inject.internal.Errors::withSource (29 bytes)
Event: 4.521 Thread 0x00000204580175e0 nmethod 1540 0x00000204421af310 code [0x00000204421af4c0, 0x00000204421af898]
Event: 4.521 Thread 0x00000204580175e0 1541       3       com.google.inject.internal.AbstractProcessor::visitOther (6 bytes)
Event: 4.522 Thread 0x00000204580175e0 nmethod 1541 0x00000204421af990 code [0x00000204421afb40, 0x00000204421afd98]
Event: 4.522 Thread 0x00000204580175e0 1542       3       com.google.inject.spi.DefaultElementVisitor::visit (6 bytes)
Event: 4.522 Thread 0x00000204580175e0 nmethod 1542 0x00000204421afe90 code [0x00000204421b0040, 0x00000204421b0208]

GC Heap History (6 events):
Event: 1.308 GC heap before
{Heap before GC invocations=0 (full 0):
 garbage-first heap   total 131072K, used 6144K [0x0000000080000000, 0x0000000100000000)
  region size 1024K, 6 young (6144K), 0 survivors (0K)
 Metaspace       used 8057K, committed 8256K, reserved 1056768K
  class space    used 683K, committed 768K, reserved 1048576K
}
Event: 1.313 GC heap after
{Heap after GC invocations=1 (full 0):
 garbage-first heap   total 131072K, used 1616K [0x0000000080000000, 0x0000000100000000)
  region size 1024K, 1 young (1024K), 1 survivors (1024K)
 Metaspace       used 8057K, committed 8256K, reserved 1056768K
  class space    used 683K, committed 768K, reserved 1048576K
}
Event: 2.201 GC heap before
{Heap before GC invocations=1 (full 0):
 garbage-first heap   total 131072K, used 6736K [0x0000000080000000, 0x0000000100000000)
  region size 1024K, 6 young (6144K), 1 survivors (1024K)
 Metaspace       used 10765K, committed 10880K, reserved 1064960K
  class space    used 979K, committed 1024K, reserved 1048576K
}
Event: 2.207 GC heap after
{Heap after GC invocations=2 (full 0):
 garbage-first heap   total 131072K, used 2695K [0x0000000080000000, 0x0000000100000000)
  region size 1024K, 1 young (1024K), 1 survivors (1024K)
 Metaspace       used 10765K, committed 10880K, reserved 1064960K
  class space    used 979K, committed 1024K, reserved 1048576K
}
Event: 3.492 GC heap before
{Heap before GC invocations=2 (full 0):
 garbage-first heap   total 131072K, used 11911K [0x0000000080000000, 0x0000000100000000)
  region size 1024K, 10 young (10240K), 1 survivors (1024K)
 Metaspace       used 12669K, committed 12800K, reserved 1064960K
  class space    used 1238K, committed 1280K, reserved 1048576K
}
Event: 3.497 GC heap after
{Heap after GC invocations=3 (full 0):
 garbage-first heap   total 131072K, used 3260K [0x0000000080000000, 0x0000000100000000)
  region size 1024K, 2 young (2048K), 2 survivors (2048K)
 Metaspace       used 12669K, committed 12800K, reserved 1064960K
  class space    used 1238K, committed 1280K, reserved 1048576K
}

Deoptimization events (20 events):
Event: 4.274 Thread 0x000002045800ae80 Uncommon trap: trap_request=0xffffffc6 fr.pc=0x00000204494491a8 relative=0x0000000000000368
Event: 4.274 Thread 0x000002045800ae80 Uncommon trap: reason=bimorphic_or_optimized_type_check action=maybe_recompile pc=0x00000204494491a8 method=java.nio.Buffer.<init>(IIIILjdk/internal/access/foreign/MemorySegmentProxy;)V @ 39 c2
Event: 4.274 Thread 0x000002045800ae80 DEOPT PACKING pc=0x00000204494491a8 sp=0x0000009201afdec0
Event: 4.274 Thread 0x000002045800ae80 DEOPT UNPACKING pc=0x00000204419823a3 sp=0x0000009201afde98 mode 2
Event: 4.375 Thread 0x000002043e270470 Uncommon trap: trap_request=0xffffffc6 fr.pc=0x0000020449450a68 relative=0x00000000000002a8
Event: 4.375 Thread 0x000002043e270470 Uncommon trap: reason=bimorphic_or_optimized_type_check action=maybe_recompile pc=0x0000020449450a68 method=java.util.HashMap.getNode(Ljava/lang/Object;)Ljava/util/HashMap$Node; @ 128 c2
Event: 4.375 Thread 0x000002043e270470 DEOPT PACKING pc=0x0000020449450a68 sp=0x00000092010fdcb0
Event: 4.375 Thread 0x000002043e270470 DEOPT UNPACKING pc=0x00000204419823a3 sp=0x00000092010fdc18 mode 2
Event: 4.377 Thread 0x000002043e270470 Uncommon trap: trap_request=0xffffffc6 fr.pc=0x0000020449450a68 relative=0x00000000000002a8
Event: 4.377 Thread 0x000002043e270470 Uncommon trap: reason=bimorphic_or_optimized_type_check action=maybe_recompile pc=0x0000020449450a68 method=java.util.HashMap.getNode(Ljava/lang/Object;)Ljava/util/HashMap$Node; @ 128 c2
Event: 4.377 Thread 0x000002043e270470 DEOPT PACKING pc=0x0000020449450a68 sp=0x00000092010fdb80
Event: 4.377 Thread 0x000002043e270470 DEOPT UNPACKING pc=0x00000204419823a3 sp=0x00000092010fdae8 mode 2
Event: 4.377 Thread 0x000002043e270470 Uncommon trap: trap_request=0xffffffc6 fr.pc=0x0000020449450a68 relative=0x00000000000002a8
Event: 4.377 Thread 0x000002043e270470 Uncommon trap: reason=bimorphic_or_optimized_type_check action=maybe_recompile pc=0x0000020449450a68 method=java.util.HashMap.getNode(Ljava/lang/Object;)Ljava/util/HashMap$Node; @ 128 c2
Event: 4.377 Thread 0x000002043e270470 DEOPT PACKING pc=0x0000020449450a68 sp=0x00000092010fdcb0
Event: 4.377 Thread 0x000002043e270470 DEOPT UNPACKING pc=0x00000204419823a3 sp=0x00000092010fdc18 mode 2
Event: 4.381 Thread 0x000002043e270470 Uncommon trap: trap_request=0xffffffc6 fr.pc=0x0000020449450a68 relative=0x00000000000002a8
Event: 4.381 Thread 0x000002043e270470 Uncommon trap: reason=bimorphic_or_optimized_type_check action=maybe_recompile pc=0x0000020449450a68 method=java.util.HashMap.getNode(Ljava/lang/Object;)Ljava/util/HashMap$Node; @ 128 c2
Event: 4.381 Thread 0x000002043e270470 DEOPT PACKING pc=0x0000020449450a68 sp=0x00000092010fdcb0
Event: 4.381 Thread 0x000002043e270470 DEOPT UNPACKING pc=0x00000204419823a3 sp=0x00000092010fdc18 mode 2

Classes unloaded (0 events):
No events

Classes redefined (0 events):
No events

Internal exceptions (3 events):
Event: 0.791 Thread 0x000002043e270470 Exception <a 'java/lang/NullPointerException'{0x0000000087c1a0c8}> (0x0000000087c1a0c8) 
thrown [e:\jenkins\tmp\workspace\build\src\src\hotspot\share\interpreter\linkResolver.cpp, line 1357]
Event: 2.945 Thread 0x000002043e270470 Exception <a 'java/lang/NoSuchMethodError'{0x0000000087c18108}: 'java.lang.Object java.lang.invoke.DirectMethodHandle$Holder.newInvokeSpecial(java.lang.Object, java.lang.Object, java.lang.Object, java.lang.Object, java.lang.Object)'> (0x0000000087c18108) 
thrown [e:\jenkins\tmp\workspace\build\src\src\hotspot\share\interpreter\linkResolver.cpp, line 766]
Event: 3.321 Thread 0x000002043e270470 Exception <a 'java/lang/NoClassDefFoundError'{0x0000000087b8b138}: javax/enterprise/inject/Typed> (0x0000000087b8b138) 
thrown [e:\jenkins\tmp\workspace\build\src\src\hotspot\share\classfile\systemDictionary.cpp, line 245]

VM Operations (20 events):
Event: 0.296 Executing VM operation: HandshakeAllThreads
Event: 0.296 Executing VM operation: HandshakeAllThreads done
Event: 0.789 Executing VM operation: HandshakeAllThreads
Event: 0.789 Executing VM operation: HandshakeAllThreads done
Event: 0.807 Executing VM operation: HandshakeAllThreads
Event: 0.807 Executing VM operation: HandshakeAllThreads done
Event: 1.308 Executing VM operation: G1CollectForAllocation
Event: 1.313 Executing VM operation: G1CollectForAllocation done
Event: 1.325 Executing VM operation: HandshakeAllThreads
Event: 1.325 Executing VM operation: HandshakeAllThreads done
Event: 2.200 Executing VM operation: G1CollectForAllocation
Event: 2.207 Executing VM operation: G1CollectForAllocation done
Event: 3.218 Executing VM operation: Cleanup
Event: 3.218 Executing VM operation: Cleanup done
Event: 3.492 Executing VM operation: G1CollectForAllocation
Event: 3.497 Executing VM operation: G1CollectForAllocation done
Event: 4.102 Executing VM operation: HandshakeAllThreads
Event: 4.102 Executing VM operation: HandshakeAllThreads done
Event: 4.445 Executing VM operation: ICBufferFull
Event: 4.445 Executing VM operation: ICBufferFull done

Events (20 events):
Event: 4.278 loading class sun/util/resources/TimeZoneNamesBundle done
Event: 4.278 loading class sun/util/resources/cldr/TimeZoneNames done
Event: 4.278 loading class sun/util/resources/cldr/TimeZoneNames_en
Event: 4.280 loading class sun/util/resources/cldr/TimeZoneNames_en done
Event: 4.280 loading class sun/util/resources/cldr/TimeZoneNames_en_US
Event: 4.280 loading class sun/util/resources/cldr/TimeZoneNames_en_US done
Event: 4.282 loading class sun/util/resources/TimeZoneNames
Event: 4.283 loading class sun/util/resources/TimeZoneNames done
Event: 4.284 loading class sun/util/resources/TimeZoneNames_en
Event: 4.284 loading class sun/util/resources/TimeZoneNames_en done
Event: 4.334 loading class java/security/NoSuchAlgorithmException
Event: 4.334 loading class java/security/GeneralSecurityException
Event: 4.334 loading class java/security/GeneralSecurityException done
Event: 4.334 loading class java/security/NoSuchAlgorithmException done
Event: 4.413 loading class sun/reflect/generics/repository/FieldRepository
Event: 4.413 loading class sun/reflect/generics/repository/FieldRepository done
Event: 4.426 loading class javax/net/ssl/SSLSocketFactory
Event: 4.426 loading class javax/net/SocketFactory
Event: 4.426 loading class javax/net/SocketFactory done
Event: 4.426 loading class javax/net/ssl/SSLSocketFactory done


Dynamic libraries:
0x00007ff7d2670000 - 0x00007ff7d267e000 	C:\Users\sfjbs\Downloads\sts-4.14.1.RELEASE\plugins\org.eclipse.justj.openjdk.hotspot.jre.full.win32.x86_64_17.0.2.v20220201-1208\jre\bin\javaw.exe
0x00007ffbd3250000 - 0x00007ffbd3445000 	C:\Windows\SYSTEM32\ntdll.dll
0x00007ffbd2a50000 - 0x00007ffbd2b0d000 	C:\Windows\System32\KERNEL32.DLL
0x00007ffbd0bf0000 - 0x00007ffbd0ebd000 	C:\Windows\System32\KERNELBASE.dll
0x00007ffbd0a80000 - 0x00007ffbd0b80000 	C:\Windows\System32\ucrtbase.dll
0x00007ffbb9ec0000 - 0x00007ffbb9ed8000 	C:\Users\sfjbs\Downloads\sts-4.14.1.RELEASE\plugins\org.eclipse.justj.openjdk.hotspot.jre.full.win32.x86_64_17.0.2.v20220201-1208\jre\bin\jli.dll
0x00007ffbd2040000 - 0x00007ffbd21e0000 	C:\Windows\System32\USER32.dll
0x00007ffbd0ec0000 - 0x00007ffbd0ee2000 	C:\Windows\System32\win32u.dll
0x00007ffbd2900000 - 0x00007ffbd292a000 	C:\Windows\System32\GDI32.dll
0x00007ffbd0f80000 - 0x00007ffbd108b000 	C:\Windows\System32\gdi32full.dll
0x00007ffbd09e0000 - 0x00007ffbd0a7d000 	C:\Windows\System32\msvcp_win.dll
0x00007ffbbd1a0000 - 0x00007ffbbd1b9000 	C:\Users\sfjbs\Downloads\sts-4.14.1.RELEASE\plugins\org.eclipse.justj.openjdk.hotspot.jre.full.win32.x86_64_17.0.2.v20220201-1208\jre\bin\VCRUNTIME140.dll
0x00007ffbb2ae0000 - 0x00007ffbb2d7a000 	C:\Windows\WinSxS\amd64_microsoft.windows.common-controls_6595b64144ccf1df_6.0.19041.1110_none_60b5254171f9507e\COMCTL32.dll
0x00007ffbd13d0000 - 0x00007ffbd146e000 	C:\Windows\System32\msvcrt.dll
0x00007ffbd1510000 - 0x00007ffbd1540000 	C:\Windows\System32\IMM32.DLL
0x00007ffbba190000 - 0x00007ffbba19c000 	C:\Users\sfjbs\Downloads\sts-4.14.1.RELEASE\plugins\org.eclipse.justj.openjdk.hotspot.jre.full.win32.x86_64_17.0.2.v20220201-1208\jre\bin\vcruntime140_1.dll
0x00007ffba5f60000 - 0x00007ffba5ff1000 	C:\Users\sfjbs\Downloads\sts-4.14.1.RELEASE\plugins\org.eclipse.justj.openjdk.hotspot.jre.full.win32.x86_64_17.0.2.v20220201-1208\jre\bin\msvcp140.dll
0x00007ffb7d570000 - 0x00007ffb7e1b7000 	C:\Users\sfjbs\Downloads\sts-4.14.1.RELEASE\plugins\org.eclipse.justj.openjdk.hotspot.jre.full.win32.x86_64_17.0.2.v20220201-1208\jre\bin\server\jvm.dll
0x00007ffbd2770000 - 0x00007ffbd281e000 	C:\Windows\System32\ADVAPI32.dll
0x00007ffbd16c0000 - 0x00007ffbd175c000 	C:\Windows\System32\sechost.dll
0x00007ffbd12a0000 - 0x00007ffbd13c5000 	C:\Windows\System32\RPCRT4.dll
0x00007ffbd1470000 - 0x00007ffbd1478000 	C:\Windows\System32\PSAPI.DLL
0x00007ffbc94d0000 - 0x00007ffbc94d9000 	C:\Windows\SYSTEM32\WSOCK32.dll
0x00007ffbd2700000 - 0x00007ffbd276b000 	C:\Windows\System32\WS2_32.dll
0x00007ffbad970000 - 0x00007ffbad997000 	C:\Windows\SYSTEM32\WINMM.dll
0x00007ffbc87e0000 - 0x00007ffbc87ea000 	C:\Windows\SYSTEM32\VERSION.dll
0x00007ffbce840000 - 0x00007ffbce852000 	C:\Windows\SYSTEM32\kernel.appcore.dll
0x00007ffbb9c20000 - 0x00007ffbb9c2a000 	C:\Users\sfjbs\Downloads\sts-4.14.1.RELEASE\plugins\org.eclipse.justj.openjdk.hotspot.jre.full.win32.x86_64_17.0.2.v20220201-1208\jre\bin\jimage.dll
0x00007ffbbf440000 - 0x00007ffbbf624000 	C:\Windows\SYSTEM32\DBGHELP.DLL
0x00007ffbc0690000 - 0x00007ffbc06bc000 	C:\Windows\SYSTEM32\dbgcore.DLL
0x00007ffbd0ef0000 - 0x00007ffbd0f72000 	C:\Windows\System32\bcryptPrimitives.dll
0x00007ffbb9b10000 - 0x00007ffbb9b35000 	C:\Users\sfjbs\Downloads\sts-4.14.1.RELEASE\plugins\org.eclipse.justj.openjdk.hotspot.jre.full.win32.x86_64_17.0.2.v20220201-1208\jre\bin\java.dll
0x00007ffbb9c00000 - 0x00007ffbb9c18000 	C:\Users\sfjbs\Downloads\sts-4.14.1.RELEASE\plugins\org.eclipse.justj.openjdk.hotspot.jre.full.win32.x86_64_17.0.2.v20220201-1208\jre\bin\zip.dll
0x00007ffbd1890000 - 0x00007ffbd1fd4000 	C:\Windows\System32\SHELL32.dll
0x00007ffbcea40000 - 0x00007ffbcf1d4000 	C:\Windows\SYSTEM32\windows.storage.dll
0x00007ffbd2390000 - 0x00007ffbd26e4000 	C:\Windows\System32\combase.dll
0x00007ffbd02e0000 - 0x00007ffbd030c000 	C:\Windows\SYSTEM32\Wldp.dll
0x00007ffbd1610000 - 0x00007ffbd16bd000 	C:\Windows\System32\SHCORE.dll
0x00007ffbd28a0000 - 0x00007ffbd28f5000 	C:\Windows\System32\shlwapi.dll
0x00007ffbd08a0000 - 0x00007ffbd08bf000 	C:\Windows\SYSTEM32\profapi.dll
0x00007ffbb9af0000 - 0x00007ffbb9b09000 	C:\Users\sfjbs\Downloads\sts-4.14.1.RELEASE\plugins\org.eclipse.justj.openjdk.hotspot.jre.full.win32.x86_64_17.0.2.v20220201-1208\jre\bin\net.dll
0x00007ffbc84e0000 - 0x00007ffbc85ea000 	C:\Windows\SYSTEM32\WINHTTP.dll
0x00007ffbd0050000 - 0x00007ffbd00ba000 	C:\Windows\system32\mswsock.dll
0x00007ffbb9ad0000 - 0x00007ffbb9ae5000 	C:\Users\sfjbs\Downloads\sts-4.14.1.RELEASE\plugins\org.eclipse.justj.openjdk.hotspot.jre.full.win32.x86_64_17.0.2.v20220201-1208\jre\bin\nio.dll
0x0000000069ac0000 - 0x0000000069ae4000 	C:\Users\sfjbs\AppData\Local\Temp\jansi-2.4.0-3ef7c5c348ff5c21-jansi.dll
0x00007ffbb9a80000 - 0x00007ffbb9a90000 	C:\Users\sfjbs\Downloads\sts-4.14.1.RELEASE\plugins\org.eclipse.justj.openjdk.hotspot.jre.full.win32.x86_64_17.0.2.v20220201-1208\jre\bin\verify.dll

dbghelp: loaded successfully - version: 4.0.5 - missing functions: none
symbol engine: initialized successfully - sym options: 0x614 - pdb path: .;C:\Users\sfjbs\Downloads\sts-4.14.1.RELEASE\plugins\org.eclipse.justj.openjdk.hotspot.jre.full.win32.x86_64_17.0.2.v20220201-1208\jre\bin;C:\Windows\SYSTEM32;C:\Windows\WinSxS\amd64_microsoft.windows.common-controls_6595b64144ccf1df_6.0.19041.1110_none_60b5254171f9507e;C:\Users\sfjbs\Downloads\sts-4.14.1.RELEASE\plugins\org.eclipse.justj.openjdk.hotspot.jre.full.win32.x86_64_17.0.2.v20220201-1208\jre\bin\server;C:\Users\sfjbs\AppData\Local\Temp

VM Arguments:
jvm_args: -Dmaven.home=EMBEDDED -Dclassworlds.conf=C:\Users\ADMIN\.metadata\.plugins\org.eclipse.m2e.launching\launches\m2conf17735164568761480725.tmp -Dmaven.multiModuleProjectDirectory=C:\Users\ADMIN\springmongo1 -Djansi.force=true -Djansi.passthrough=true -Dfile.encoding=Cp1252 -XX:+ShowCodeDetailsInExceptionMessages 
java_command: org.codehaus.plexus.classworlds.launcher.Launcher -Ppom.xml -B install -Dstyle.color=always
java_class_path (initial): C:\Users\sfjbs\Downloads\sts-4.14.1.RELEASE\plugins\org.eclipse.m2e.maven.runtime_1.18.3.20220227-1319\jars\plexus-classworlds-2.6.0.jar
Launcher Type: SUN_STANDARD

[Global flags]
     intx CICompilerCount                          = 2                                         {product} {ergonomic}
     uint ConcGCThreads                            = 1                                         {product} {ergonomic}
     uint G1ConcRefinementThreads                  = 2                                         {product} {ergonomic}
   size_t G1HeapRegionSize                         = 1048576                                   {product} {ergonomic}
    uintx GCDrainStackTargetSize                   = 64                                        {product} {ergonomic}
   size_t InitialHeapSize                          = 134217728                                 {product} {ergonomic}
   size_t MarkStackSize                            = 4194304                                   {product} {ergonomic}
   size_t MaxHeapSize                              = 2147483648                                {product} {ergonomic}
   size_t MaxNewSize                               = 1287651328                                {product} {ergonomic}
   size_t MinHeapDeltaBytes                        = 1048576                                   {product} {ergonomic}
   size_t MinHeapSize                              = 8388608                                   {product} {ergonomic}
    uintx NonNMethodCodeHeapSize                   = 5826188                                {pd product} {ergonomic}
    uintx NonProfiledCodeHeapSize                  = 122916026                              {pd product} {ergonomic}
    uintx ProfiledCodeHeapSize                     = 122916026                              {pd product} {ergonomic}
    uintx ReservedCodeCacheSize                    = 251658240                              {pd product} {ergonomic}
     bool SegmentedCodeCache                       = true                                      {product} {ergonomic}
     bool ShowCodeDetailsInExceptionMessages       = true                                   {manageable} {command line}
   size_t SoftMaxHeapSize                          = 2147483648                             {manageable} {ergonomic}
     bool UseCompressedClassPointers               = true                           {product lp64_product} {ergonomic}
     bool UseCompressedOops                        = true                           {product lp64_product} {ergonomic}
     bool UseG1GC                                  = true                                      {product} {ergonomic}
     bool UseLargePagesIndividualAllocation        = false                                  {pd product} {ergonomic}

Logging:
Log output configuration:
 #0: stdout all=warning uptime,level,tags
 #1: stderr all=off uptime,level,tags

Environment Variables:
PATH=C:/Users/sfjbs/Downloads/sts-4.14.1.RELEASE//plugins/org.eclipse.justj.openjdk.hotspot.jre.full.win32.x86_64_17.0.2.v20220201-1208/jre/bin/server;C:/Users/sfjbs/Downloads/sts-4.14.1.RELEASE//plugins/org.eclipse.justj.openjdk.hotspot.jre.full.win32.x86_64_17.0.2.v20220201-1208/jre/bin;C:\Program Files\Common Files\Oracle\Java\javapath;C:\Windows\system32;C:\Windows;C:\Windows\System32\Wbem;C:\Windows\System32\WindowsPowerShell\v1.0\;C:\Windows\System32\OpenSSH\;C:\Users\sfjbs\Downloads\javamicro-20220514T190138Z-001\javamicro\apache-maven-3.8.5-bin\apache-maven-3.8.5\bin;C:\Users\sfjbs\Downloads\javamicro-20220514T190138Z-001\javamicro\apache-maven-3.8.5-bin\apache-maven-3.8.5\lib;C:\Program Files\Git\cmd;C:\Program Files\Docker\Docker\resources\bin;C:\ProgramData\DockerDesktop\version-bin;C:\Users\sfjbs\AppData\Local\Microsoft\WindowsApps;C:\Users\sfjbs\Downloads\javamicro-20220514T190138Z-001\javamicro\apache-maven-3.8.5-bin\apache-maven-3.8.5\bin;C:\Users\sfjbs\Downloads\javamicro-20220514T190138Z-001\javamicro\apache-maven-3.8.5-bin\apache-maven-3.8.5\lib;;C:\Program Files\JetBrains\IntelliJ IDEA Community Edition 2021.3.3\bin;;C:\Users\sfjbs\Downloads\sts-4.14.1.RELEASE;
USERNAME=sfjbs
OS=Windows_NT
PROCESSOR_IDENTIFIER=Intel64 Family 6 Model 85 Stepping 4, GenuineIntel



---------------  S Y S T E M  ---------------

OS:
 Windows 10 , 64 bit Build 19041 (10.0.19041.1706)
OS uptime: 0 days 21:40 hours
Hyper-V role detected

CPU: total 2 (initial active 2) (1 cores per cpu, 2 threads per core) family 6 model 85 stepping 4 microcode 0xffffffff, cx8, cmov, fxsr, ht, mmx, 3dnowpref, sse, sse2, sse3, ssse3, sse4.1, sse4.2, popcnt, lzcnt, tsc, avx, avx2, aes, erms, clmul, bmi1, bmi2, rtm, adx, fma, vzeroupper, clflush, clflushopt, hv

Memory: 4k page, system-wide physical 8190M (989M free)
TotalPageFile size 10238M (AvailPageFile size 3M)
current process WorkingSet (physical memory assigned to process): 93M, peak: 93M
current process commit charge ("private bytes"): 218M, peak: 219M

vm_info: OpenJDK 64-Bit Server VM (17.0.2+8) for windows-amd64 JRE (17.0.2+8), built on Jan 20 2022 04:52:34 by "" with MS VC++ 16.7 (VS2019)

END.
