#
# There is insufficient memory for the Java Runtime Environment to continue.
# Native memory allocation (mmap) failed to map 65536 bytes for Failed to commit metaspace.
# Possible reasons:
#   The system is out of physical RAM or swap space
#   The process is running with CompressedOops enabled, and the Java Heap may be blocking the growth of the native heap
# Possible solutions:
#   Reduce memory load on the system
#   Increase physical memory or swap space
#   Check if swap backing store is full
#   Decrease Java heap size (-Xmx/-Xms)
#   Decrease number of Java threads
#   Decrease Java thread stack sizes (-Xss)
#   Set larger code cache with -XX:ReservedCodeCacheSize=
#   JVM is running with Unscaled Compressed Oops mode in which the Java heap is
#     placed in the first 4GB address space. The Java Heap base address is the
#     maximum limit for the native heap growth. Please use -XX:HeapBaseMinAddress
#     to set the Java Heap base and to place the Java Heap above 4GB virtual address.
# This output file may be truncated or incomplete.
#
#  Out of Memory Error (virtualSpaceNode.cpp:110), pid=11144, tid=2832
#
# JRE version: OpenJDK Runtime Environment Temurin-17.0.2+8 (17.0.2+8) (build 17.0.2+8)
# Java VM: OpenJDK 64-Bit Server VM Temurin-17.0.2+8 (17.0.2+8, mixed mode, emulated-client, tiered, compressed oops, compressed class ptrs, g1 gc, windows-amd64)
# No core dump will be written. Minidumps are not enabled by default on client versions of Windows
#

---------------  S U M M A R Y ------------

Command Line: -Dcom.sun.management.jmxremote -Dcom.sun.management.jmxremote.port=59300 -Dcom.sun.management.jmxremote.authenticate=false -Dcom.sun.management.jmxremote.ssl=false -Djava.rmi.server.hostname=localhost -Dspring.jmx.enabled=true -Dspring.application.admin.enabled=true -XX:TieredStopAtLevel=1 -Dspring.boot.project.name=springmongo1 -Dfile.encoding=UTF-8 -XX:+ShowCodeDetailsInExceptionMessages com.demo.Springmongo1Application --spring.output.ansi.enabled=always

Host: Intel(R) Xeon(R) Platinum 8171M CPU @ 2.60GHz, 2 cores, 7G,  Windows 10 , 64 bit Build 19041 (10.0.19041.1706)
Time: Wed Jun  1 04:48:59 2022 Coordinated Universal Time elapsed time: 1.548730 seconds (0d 0h 0m 1s)

---------------  T H R E A D  ---------------

Current thread (0x000001cfe4d3a9d0):  JavaThread "main" [_thread_in_vm, id=2832, stack(0x0000007bb5d00000,0x0000007bb5e00000)]

Stack: [0x0000007bb5d00000,0x0000007bb5e00000]
Native frames: (J=compiled Java code, j=interpreted, Vv=VM code, C=native code)
V  [jvm.dll+0x67564a]
V  [jvm.dll+0x82fc04]
V  [jvm.dll+0x8313ae]
V  [jvm.dll+0x831a13]
V  [jvm.dll+0x245235]
V  [jvm.dll+0x82bbab]
V  [jvm.dll+0x61a336]
V  [jvm.dll+0x61a39a]
V  [jvm.dll+0x61cbba]
V  [jvm.dll+0x61acd6]
V  [jvm.dll+0x36b092]
V  [jvm.dll+0x1e1b4b]
V  [jvm.dll+0x53b709]
V  [jvm.dll+0x1f0ab7]
V  [jvm.dll+0x7aa1bb]
V  [jvm.dll+0x7ab562]
V  [jvm.dll+0x7ab898]
V  [jvm.dll+0x23d51e]
V  [jvm.dll+0x23d76f]
V  [jvm.dll+0x558d38]
V  [jvm.dll+0x55bba0]
V  [jvm.dll+0x382937]
V  [jvm.dll+0x381f8f]
C  0x000001cfe9be91cc

Java frames: (J=compiled Java code, j=interpreted, Vv=VM code)
j  java.lang.reflect.Constructor.getFactory()Lsun/reflect/generics/factory/GenericsFactory;+2 java.base@17.0.2
j  java.lang.reflect.Constructor.getGenericInfo()Lsun/reflect/generics/repository/ConstructorRepository;+13 java.base@17.0.2
j  java.lang.reflect.Executable.getGenericParameterTypes()[Ljava/lang/reflect/Type;+8 java.base@17.0.2
j  java.lang.reflect.Constructor.getGenericParameterTypes()[Ljava/lang/reflect/Type;+1 java.base@17.0.2
j  org.springframework.core.MethodParameter.getGenericParameterType()Ljava/lang/reflect/Type;+66
j  org.springframework.core.SerializableTypeWrapper$MethodParameterTypeProvider.getType()Ljava/lang/reflect/Type;+4
j  org.springframework.core.SerializableTypeWrapper.forTypeProvider(Lorg/springframework/core/SerializableTypeWrapper$TypeProvider;)Ljava/lang/reflect/Type;+1
J 1397 c1 org.springframework.core.ResolvableType.forType(Ljava/lang/reflect/Type;Lorg/springframework/core/SerializableTypeWrapper$TypeProvider;Lorg/springframework/core/ResolvableType$VariableResolver;)Lorg/springframework/core/ResolvableType; (115 bytes) @ 0x000001cfe9f6c0f4 [0x000001cfe9f6c0a0+0x0000000000000054]
j  org.springframework.core.ResolvableType.forMethodParameter(Lorg/springframework/core/MethodParameter;Lorg/springframework/core/ResolvableType;)Lorg/springframework/core/ResolvableType;+44
j  org.springframework.boot.context.properties.bind.ValueObjectBinder$DefaultValueObject.parseConstructorParameters(Ljava/lang/reflect/Constructor;Lorg/springframework/core/ResolvableType;)Ljava/util/List;+100
j  org.springframework.boot.context.properties.bind.ValueObjectBinder$DefaultValueObject.<init>(Ljava/lang/reflect/Constructor;Lorg/springframework/core/ResolvableType;)V+8
j  org.springframework.boot.context.properties.bind.ValueObjectBinder$DefaultValueObject.get(Ljava/lang/reflect/Constructor;Lorg/springframework/core/ResolvableType;)Lorg/springframework/boot/context/properties/bind/ValueObjectBinder$ValueObject;+6
j  org.springframework.boot.context.properties.bind.ValueObjectBinder$ValueObject.get(Lorg/springframework/boot/context/properties/bind/Bindable;Lorg/springframework/boot/context/properties/bind/BindConstructorProvider;Lorg/springframework/boot/context/properties/bind/Binder$Context;)Lorg/springframework/boot/context/properties/bind/ValueObjectBinder$ValueObject;+74
j  org.springframework.boot.context.properties.bind.ValueObjectBinder.bind(Lorg/springframework/boot/context/properties/source/ConfigurationPropertyName;Lorg/springframework/boot/context/properties/bind/Bindable;Lorg/springframework/boot/context/properties/bind/Binder$Context;Lorg/springframework/boot/context/properties/bind/DataObjectPropertyBinder;)Ljava/lang/Object;+6
j  org.springframework.boot.context.properties.bind.Binder.lambda$bindDataObject$5(Lorg/springframework/boot/context/properties/source/ConfigurationPropertyName;Lorg/springframework/boot/context/properties/bind/Bindable;Lorg/springframework/boot/context/properties/bind/Binder$Context;Lorg/springframework/boot/context/properties/bind/DataObjectPropertyBinder;)Ljava/lang/Object;+40
j  org.springframework.boot.context.properties.bind.Binder$$Lambda$187+0x0000000100215c28.get()Ljava/lang/Object;+20
j  org.springframework.boot.context.properties.bind.Binder$Context.withIncreasedDepth(Ljava/util/function/Supplier;)Ljava/lang/Object;+5
j  org.springframework.boot.context.properties.bind.Binder$Context.withDataObject(Ljava/lang/Class;Ljava/util/function/Supplier;)Ljava/lang/Object;+12
j  org.springframework.boot.context.properties.bind.Binder$Context.access$300(Lorg/springframework/boot/context/properties/bind/Binder$Context;Ljava/lang/Class;Ljava/util/function/Supplier;)Ljava/lang/Object;+3
j  org.springframework.boot.context.properties.bind.Binder.bindDataObject(Lorg/springframework/boot/context/properties/source/ConfigurationPropertyName;Lorg/springframework/boot/context/properties/bind/Bindable;Lorg/springframework/boot/context/properties/bind/BindHandler;Lorg/springframework/boot/context/properties/bind/Binder$Context;Z)Ljava/lang/Object;+69
j  org.springframework.boot.context.properties.bind.Binder.bindObject(Lorg/springframework/boot/context/properties/source/ConfigurationPropertyName;Lorg/springframework/boot/context/properties/bind/Bindable;Lorg/springframework/boot/context/properties/bind/BindHandler;Lorg/springframework/boot/context/properties/bind/Binder$Context;Z)Ljava/lang/Object;+113
j  org.springframework.boot.context.properties.bind.Binder.bind(Lorg/springframework/boot/context/properties/source/ConfigurationPropertyName;Lorg/springframework/boot/context/properties/bind/Bindable;Lorg/springframework/boot/context/properties/bind/BindHandler;Lorg/springframework/boot/context/properties/bind/Binder$Context;ZZ)Ljava/lang/Object;+41
j  org.springframework.boot.context.properties.bind.Binder.bind(Lorg/springframework/boot/context/properties/source/ConfigurationPropertyName;Lorg/springframework/boot/context/properties/bind/Bindable;Lorg/springframework/boot/context/properties/bind/BindHandler;Z)Ljava/lang/Object;+44
j  org.springframework.boot.context.properties.bind.Binder.bind(Lorg/springframework/boot/context/properties/source/ConfigurationPropertyName;Lorg/springframework/boot/context/properties/bind/Bindable;Lorg/springframework/boot/context/properties/bind/BindHandler;)Lorg/springframework/boot/context/properties/bind/BindResult;+5
j  org.springframework.boot.context.config.ConfigDataProperties.get(Lorg/springframework/boot/context/properties/bind/Binder;)Lorg/springframework/boot/context/config/ConfigDataProperties;+42
j  org.springframework.boot.context.config.ConfigDataEnvironmentContributor.withBoundProperties(Ljava/lang/Iterable;Lorg/springframework/boot/context/config/ConfigDataActivationContext;)Lorg/springframework/boot/context/config/ConfigDataEnvironmentContributor;+43
j  org.springframework.boot.context.config.ConfigDataEnvironmentContributors.withProcessedImports(Lorg/springframework/boot/context/config/ConfigDataImporter;Lorg/springframework/boot/context/config/ConfigDataActivationContext;)Lorg/springframework/boot/context/config/ConfigDataEnvironmentContributors;+89
j  org.springframework.boot.context.config.ConfigDataEnvironment.processInitial(Lorg/springframework/boot/context/config/ConfigDataEnvironmentContributors;Lorg/springframework/boot/context/config/ConfigDataImporter;)Lorg/springframework/boot/context/config/ConfigDataEnvironmentContributors;+14
j  org.springframework.boot.context.config.ConfigDataEnvironment.processAndApply()V+42
j  org.springframework.boot.context.config.ConfigDataEnvironmentPostProcessor.postProcessEnvironment(Lorg/springframework/core/env/ConfigurableEnvironment;Lorg/springframework/core/io/ResourceLoader;Ljava/util/Collection;)V+34
j  org.springframework.boot.context.config.ConfigDataEnvironmentPostProcessor.postProcessEnvironment(Lorg/springframework/core/env/ConfigurableEnvironment;Lorg/springframework/boot/SpringApplication;)V+10
j  org.springframework.boot.env.EnvironmentPostProcessorApplicationListener.onApplicationEnvironmentPreparedEvent(Lorg/springframework/boot/context/event/ApplicationEnvironmentPreparedEvent;)V+55
j  org.springframework.boot.env.EnvironmentPostProcessorApplicationListener.onApplicationEvent(Lorg/springframework/context/ApplicationEvent;)V+12
j  org.springframework.context.event.SimpleApplicationEventMulticaster.doInvokeListener(Lorg/springframework/context/ApplicationListener;Lorg/springframework/context/ApplicationEvent;)V+2
j  org.springframework.context.event.SimpleApplicationEventMulticaster.invokeListener(Lorg/springframework/context/ApplicationListener;Lorg/springframework/context/ApplicationEvent;)V+34
j  org.springframework.context.event.SimpleApplicationEventMulticaster.multicastEvent(Lorg/springframework/context/ApplicationEvent;Lorg/springframework/core/ResolvableType;)V+83
j  org.springframework.context.event.SimpleApplicationEventMulticaster.multicastEvent(Lorg/springframework/context/ApplicationEvent;)V+7
j  org.springframework.boot.context.event.EventPublishingRunListener.environmentPrepared(Lorg/springframework/boot/ConfigurableBootstrapContext;Lorg/springframework/core/env/ConfigurableEnvironment;)V+21
j  org.springframework.boot.SpringApplicationRunListeners.lambda$environmentPrepared$2(Lorg/springframework/boot/ConfigurableBootstrapContext;Lorg/springframework/core/env/ConfigurableEnvironment;Lorg/springframework/boot/SpringApplicationRunListener;)V+3
j  org.springframework.boot.SpringApplicationRunListeners$$Lambda$161+0x0000000100201828.accept(Ljava/lang/Object;)V+12
j  java.util.ArrayList.forEach(Ljava/util/function/Consumer;)V+46 java.base@17.0.2
j  org.springframework.boot.SpringApplicationRunListeners.doWithListeners(Ljava/lang/String;Ljava/util/function/Consumer;Ljava/util/function/Consumer;)V+17
j  org.springframework.boot.SpringApplicationRunListeners.doWithListeners(Ljava/lang/String;Ljava/util/function/Consumer;)V+4
j  org.springframework.boot.SpringApplicationRunListeners.environmentPrepared(Lorg/springframework/boot/ConfigurableBootstrapContext;Lorg/springframework/core/env/ConfigurableEnvironment;)V+10
j  org.springframework.boot.SpringApplication.prepareEnvironment(Lorg/springframework/boot/SpringApplicationRunListeners;Lorg/springframework/boot/DefaultBootstrapContext;Lorg/springframework/boot/ApplicationArguments;)Lorg/springframework/core/env/ConfigurableEnvironment;+27
j  org.springframework.boot.SpringApplication.run([Ljava/lang/String;)Lorg/springframework/context/ConfigurableApplicationContext;+52
j  org.springframework.boot.SpringApplication.run([Ljava/lang/Class;[Ljava/lang/String;)Lorg/springframework/context/ConfigurableApplicationContext;+9
j  org.springframework.boot.SpringApplication.run(Ljava/lang/Class;[Ljava/lang/String;)Lorg/springframework/context/ConfigurableApplicationContext;+9
j  com.demo.Springmongo1Application.main([Ljava/lang/String;)V+3
v  ~StubRoutines::call_stub

---------------  P R O C E S S  ---------------

Threads class SMR info:
_java_thread_list=0x000001cff5279eb0, length=19, elements={
0x000001cfe4d3a9d0, 0x000001cff4813260, 0x000001cff3e89470, 0x000001cff3ea0b90,
0x000001cff3ea1450, 0x000001cff3ebf420, 0x000001cff3ebfce0, 0x000001cff3ec12e0,
0x000001cff3ec4060, 0x000001cff48fe040, 0x000001cff3ecea00, 0x000001cff49f0570,
0x000001cff4e81550, 0x000001cff4ecaf90, 0x000001cff50344c0, 0x000001cff5286880,
0x000001cff4e8c330, 0x000001cff5249030, 0x000001cff5249500
}

Java Threads: ( => current thread )
=>0x000001cfe4d3a9d0 JavaThread "main" [_thread_in_vm, id=2832, stack(0x0000007bb5d00000,0x0000007bb5e00000)]
  0x000001cff4813260 JavaThread "Reference Handler" daemon [_thread_blocked, id=8872, stack(0x0000007bb6400000,0x0000007bb6500000)]
  0x000001cff3e89470 JavaThread "Finalizer" daemon [_thread_blocked, id=9064, stack(0x0000007bb6500000,0x0000007bb6600000)]
  0x000001cff3ea0b90 JavaThread "Signal Dispatcher" daemon [_thread_blocked, id=11064, stack(0x0000007bb6600000,0x0000007bb6700000)]
  0x000001cff3ea1450 JavaThread "Attach Listener" daemon [_thread_blocked, id=4100, stack(0x0000007bb6700000,0x0000007bb6800000)]
  0x000001cff3ebf420 JavaThread "Service Thread" daemon [_thread_blocked, id=5488, stack(0x0000007bb6800000,0x0000007bb6900000)]
  0x000001cff3ebfce0 JavaThread "Monitor Deflation Thread" daemon [_thread_blocked, id=1148, stack(0x0000007bb6900000,0x0000007bb6a00000)]
  0x000001cff3ec12e0 JavaThread "C1 CompilerThread0" daemon [_thread_blocked, id=11704, stack(0x0000007bb6a00000,0x0000007bb6b00000)]
  0x000001cff3ec4060 JavaThread "Sweeper thread" daemon [_thread_blocked, id=2120, stack(0x0000007bb6b00000,0x0000007bb6c00000)]
  0x000001cff48fe040 JavaThread "Common-Cleaner" daemon [_thread_blocked, id=1132, stack(0x0000007bb6c00000,0x0000007bb6d00000)]
  0x000001cff3ecea00 JavaThread "C1 CompilerThread1" daemon [_thread_blocked, id=6296, stack(0x0000007bb6d00000,0x0000007bb6e00000)]
  0x000001cff49f0570 JavaThread "Notification Thread" daemon [_thread_blocked, id=5584, stack(0x0000007bb6e00000,0x0000007bb6f00000)]
  0x000001cff4e81550 JavaThread "RMI TCP Accept-0" daemon [_thread_in_native, id=2284, stack(0x0000007bb7100000,0x0000007bb7200000)]
  0x000001cff4ecaf90 JavaThread "RMI TCP Accept-59300" daemon [_thread_in_native, id=8028, stack(0x0000007bb7200000,0x0000007bb7300000)]
  0x000001cff50344c0 JavaThread "RMI TCP Accept-0" daemon [_thread_in_native, id=1988, stack(0x0000007bb7300000,0x0000007bb7400000)]
  0x000001cff5286880 JavaThread "RMI TCP Connection(1)-127.0.0.1" daemon [_thread_in_native, id=9656, stack(0x0000007bb7500000,0x0000007bb7600000)]
  0x000001cff4e8c330 JavaThread "RMI TCP Connection(2)-127.0.0.1" daemon [_thread_in_native, id=7160, stack(0x0000007bb7600000,0x0000007bb7700000)]
  0x000001cff5249030 JavaThread "RMI Scheduler(0)" daemon [_thread_blocked, id=1676, stack(0x0000007bb7700000,0x0000007bb7800000)]
  0x000001cff5249500 JavaThread "JMX server connection timeout 20" daemon [_thread_blocked, id=4880, stack(0x0000007bb7800000,0x0000007bb7900000)]

Other Threads:
  0x000001cff3e83910 VMThread "VM Thread" [stack: 0x0000007bb6300000,0x0000007bb6400000] [id=10376]
  0x000001cfe4c0c760 WatcherThread [stack: 0x0000007bb7400000,0x0000007bb7500000] [id=8488]
  0x000001cfe4d78a10 GCTaskThread "GC Thread#0" [stack: 0x0000007bb5e00000,0x0000007bb5f00000] [id=6980]
  0x000001cff4e41870 GCTaskThread "GC Thread#1" [stack: 0x0000007bb6f00000,0x0000007bb7000000] [id=4672]
  0x000001cfe4d8b010 ConcurrentGCThread "G1 Main Marker" [stack: 0x0000007bb5f00000,0x0000007bb6000000] [id=8168]
  0x000001cfe4d8b930 ConcurrentGCThread "G1 Conc#0" [stack: 0x0000007bb6000000,0x0000007bb6100000] [id=4016]
  0x000001cfe4e0eb60 ConcurrentGCThread "G1 Refine#0" [stack: 0x0000007bb6100000,0x0000007bb6200000] [id=504]
  0x000001cff3cf6620 ConcurrentGCThread "G1 Service" [stack: 0x0000007bb6200000,0x0000007bb6300000] [id=6156]

Threads with active compile tasks:

VM state: not at safepoint (normal execution)

VM Mutex/Monitor currently owned by a thread:  ([mutex/lock_event])
[0x000001cfe4d38290] Metaspace_lock - owner thread: 0x000001cfe4d3a9d0

Heap address: 0x0000000080000000, size: 2048 MB, Compressed Oops mode: 32-bit

CDS archive(s) not mapped
Compressed class space mapped at: 0x0000000100000000-0x0000000140000000, reserved size: 1073741824
Narrow klass base: 0x0000000000000000, Narrow klass shift: 3, Narrow klass range: 0x140000000

GC Precious Log:
 CPUs: 2 total, 2 available
 Memory: 8190M
 Large Page Support: Disabled
 NUMA Support: Disabled
 Compressed Oops: Enabled (32-bit)
 Heap Region Size: 1M
 Heap Min Capacity: 8M
 Heap Initial Capacity: 128M
 Heap Max Capacity: 2G
 Pre-touch: Disabled
 Parallel Workers: 2
 Concurrent Workers: 1
 Concurrent Refinement Workers: 2
 Periodic GC: Disabled

Heap:
 garbage-first heap   total 131072K, used 13017K [0x0000000080000000, 0x0000000100000000)
  region size 1024K, 10 young (10240K), 2 survivors (2048K)
 Metaspace       used 18238K, committed 18432K, reserved 1073152K
  class space    used 2037K, committed 2112K, reserved 1048576K

Heap Regions: E=young(eden), S=young(survivor), O=old, HS=humongous(starts), HC=humongous(continues), CS=collection set, F=free, OA=open archive, CA=closed archive, TAMS=top-at-mark-start (previous, next)
|   0|0x0000000080000000, 0x0000000080100000, 0x0000000080100000|100%| O|  |TAMS 0x0000000080000000, 0x0000000080000000| Untracked 
|   1|0x0000000080100000, 0x0000000080200000, 0x0000000080200000|100%| O|  |TAMS 0x0000000080100000, 0x0000000080100000| Untracked 
|   2|0x0000000080200000, 0x0000000080300000, 0x0000000080300000|100%| O|  |TAMS 0x0000000080200000, 0x0000000080200000| Untracked 
|   3|0x0000000080300000, 0x00000000803b6400, 0x0000000080400000| 71%| O|  |TAMS 0x0000000080300000, 0x0000000080300000| Untracked 
|   4|0x0000000080400000, 0x0000000080400000, 0x0000000080500000|  0%| F|  |TAMS 0x0000000080400000, 0x0000000080400000| Untracked 
|   5|0x0000000080500000, 0x0000000080500000, 0x0000000080600000|  0%| F|  |TAMS 0x0000000080500000, 0x0000000080500000| Untracked 
|   6|0x0000000080600000, 0x0000000080600000, 0x0000000080700000|  0%| F|  |TAMS 0x0000000080600000, 0x0000000080600000| Untracked 
|   7|0x0000000080700000, 0x0000000080700000, 0x0000000080800000|  0%| F|  |TAMS 0x0000000080700000, 0x0000000080700000| Untracked 
|   8|0x0000000080800000, 0x0000000080800000, 0x0000000080900000|  0%| F|  |TAMS 0x0000000080800000, 0x0000000080800000| Untracked 
|   9|0x0000000080900000, 0x0000000080900000, 0x0000000080a00000|  0%| F|  |TAMS 0x0000000080900000, 0x0000000080900000| Untracked 
|  10|0x0000000080a00000, 0x0000000080a00000, 0x0000000080b00000|  0%| F|  |TAMS 0x0000000080a00000, 0x0000000080a00000| Untracked 
|  11|0x0000000080b00000, 0x0000000080b00000, 0x0000000080c00000|  0%| F|  |TAMS 0x0000000080b00000, 0x0000000080b00000| Untracked 
|  12|0x0000000080c00000, 0x0000000080c00000, 0x0000000080d00000|  0%| F|  |TAMS 0x0000000080c00000, 0x0000000080c00000| Untracked 
|  13|0x0000000080d00000, 0x0000000080d00000, 0x0000000080e00000|  0%| F|  |TAMS 0x0000000080d00000, 0x0000000080d00000| Untracked 
|  14|0x0000000080e00000, 0x0000000080e00000, 0x0000000080f00000|  0%| F|  |TAMS 0x0000000080e00000, 0x0000000080e00000| Untracked 
|  15|0x0000000080f00000, 0x0000000080f00000, 0x0000000081000000|  0%| F|  |TAMS 0x0000000080f00000, 0x0000000080f00000| Untracked 
|  16|0x0000000081000000, 0x0000000081000000, 0x0000000081100000|  0%| F|  |TAMS 0x0000000081000000, 0x0000000081000000| Untracked 
|  17|0x0000000081100000, 0x0000000081100000, 0x0000000081200000|  0%| F|  |TAMS 0x0000000081100000, 0x0000000081100000| Untracked 
|  18|0x0000000081200000, 0x0000000081200000, 0x0000000081300000|  0%| F|  |TAMS 0x0000000081200000, 0x0000000081200000| Untracked 
|  19|0x0000000081300000, 0x0000000081300000, 0x0000000081400000|  0%| F|  |TAMS 0x0000000081300000, 0x0000000081300000| Untracked 
|  20|0x0000000081400000, 0x0000000081400000, 0x0000000081500000|  0%| F|  |TAMS 0x0000000081400000, 0x0000000081400000| Untracked 
|  21|0x0000000081500000, 0x0000000081500000, 0x0000000081600000|  0%| F|  |TAMS 0x0000000081500000, 0x0000000081500000| Untracked 
|  22|0x0000000081600000, 0x0000000081600000, 0x0000000081700000|  0%| F|  |TAMS 0x0000000081600000, 0x0000000081600000| Untracked 
|  23|0x0000000081700000, 0x0000000081700000, 0x0000000081800000|  0%| F|  |TAMS 0x0000000081700000, 0x0000000081700000| Untracked 
|  24|0x0000000081800000, 0x0000000081800000, 0x0000000081900000|  0%| F|  |TAMS 0x0000000081800000, 0x0000000081800000| Untracked 
|  25|0x0000000081900000, 0x0000000081900000, 0x0000000081a00000|  0%| F|  |TAMS 0x0000000081900000, 0x0000000081900000| Untracked 
|  26|0x0000000081a00000, 0x0000000081a00000, 0x0000000081b00000|  0%| F|  |TAMS 0x0000000081a00000, 0x0000000081a00000| Untracked 
|  27|0x0000000081b00000, 0x0000000081b00000, 0x0000000081c00000|  0%| F|  |TAMS 0x0000000081b00000, 0x0000000081b00000| Untracked 
|  28|0x0000000081c00000, 0x0000000081c00000, 0x0000000081d00000|  0%| F|  |TAMS 0x0000000081c00000, 0x0000000081c00000| Untracked 
|  29|0x0000000081d00000, 0x0000000081d00000, 0x0000000081e00000|  0%| F|  |TAMS 0x0000000081d00000, 0x0000000081d00000| Untracked 
|  30|0x0000000081e00000, 0x0000000081e00000, 0x0000000081f00000|  0%| F|  |TAMS 0x0000000081e00000, 0x0000000081e00000| Untracked 
|  31|0x0000000081f00000, 0x0000000081f00000, 0x0000000082000000|  0%| F|  |TAMS 0x0000000081f00000, 0x0000000081f00000| Untracked 
|  32|0x0000000082000000, 0x0000000082000000, 0x0000000082100000|  0%| F|  |TAMS 0x0000000082000000, 0x0000000082000000| Untracked 
|  33|0x0000000082100000, 0x0000000082100000, 0x0000000082200000|  0%| F|  |TAMS 0x0000000082100000, 0x0000000082100000| Untracked 
|  34|0x0000000082200000, 0x0000000082200000, 0x0000000082300000|  0%| F|  |TAMS 0x0000000082200000, 0x0000000082200000| Untracked 
|  35|0x0000000082300000, 0x0000000082300000, 0x0000000082400000|  0%| F|  |TAMS 0x0000000082300000, 0x0000000082300000| Untracked 
|  36|0x0000000082400000, 0x0000000082400000, 0x0000000082500000|  0%| F|  |TAMS 0x0000000082400000, 0x0000000082400000| Untracked 
|  37|0x0000000082500000, 0x0000000082500000, 0x0000000082600000|  0%| F|  |TAMS 0x0000000082500000, 0x0000000082500000| Untracked 
|  38|0x0000000082600000, 0x0000000082600000, 0x0000000082700000|  0%| F|  |TAMS 0x0000000082600000, 0x0000000082600000| Untracked 
|  39|0x0000000082700000, 0x0000000082700000, 0x0000000082800000|  0%| F|  |TAMS 0x0000000082700000, 0x0000000082700000| Untracked 
|  40|0x0000000082800000, 0x0000000082800000, 0x0000000082900000|  0%| F|  |TAMS 0x0000000082800000, 0x0000000082800000| Untracked 
|  41|0x0000000082900000, 0x0000000082900000, 0x0000000082a00000|  0%| F|  |TAMS 0x0000000082900000, 0x0000000082900000| Untracked 
|  42|0x0000000082a00000, 0x0000000082a00000, 0x0000000082b00000|  0%| F|  |TAMS 0x0000000082a00000, 0x0000000082a00000| Untracked 
|  43|0x0000000082b00000, 0x0000000082b00000, 0x0000000082c00000|  0%| F|  |TAMS 0x0000000082b00000, 0x0000000082b00000| Untracked 
|  44|0x0000000082c00000, 0x0000000082c00000, 0x0000000082d00000|  0%| F|  |TAMS 0x0000000082c00000, 0x0000000082c00000| Untracked 
|  45|0x0000000082d00000, 0x0000000082d00000, 0x0000000082e00000|  0%| F|  |TAMS 0x0000000082d00000, 0x0000000082d00000| Untracked 
|  46|0x0000000082e00000, 0x0000000082e00000, 0x0000000082f00000|  0%| F|  |TAMS 0x0000000082e00000, 0x0000000082e00000| Untracked 
|  47|0x0000000082f00000, 0x0000000082f00000, 0x0000000083000000|  0%| F|  |TAMS 0x0000000082f00000, 0x0000000082f00000| Untracked 
|  48|0x0000000083000000, 0x0000000083000000, 0x0000000083100000|  0%| F|  |TAMS 0x0000000083000000, 0x0000000083000000| Untracked 
|  49|0x0000000083100000, 0x0000000083100000, 0x0000000083200000|  0%| F|  |TAMS 0x0000000083100000, 0x0000000083100000| Untracked 
|  50|0x0000000083200000, 0x0000000083200000, 0x0000000083300000|  0%| F|  |TAMS 0x0000000083200000, 0x0000000083200000| Untracked 
|  51|0x0000000083300000, 0x0000000083300000, 0x0000000083400000|  0%| F|  |TAMS 0x0000000083300000, 0x0000000083300000| Untracked 
|  52|0x0000000083400000, 0x0000000083400000, 0x0000000083500000|  0%| F|  |TAMS 0x0000000083400000, 0x0000000083400000| Untracked 
|  53|0x0000000083500000, 0x0000000083500000, 0x0000000083600000|  0%| F|  |TAMS 0x0000000083500000, 0x0000000083500000| Untracked 
|  54|0x0000000083600000, 0x0000000083600000, 0x0000000083700000|  0%| F|  |TAMS 0x0000000083600000, 0x0000000083600000| Untracked 
|  55|0x0000000083700000, 0x0000000083700000, 0x0000000083800000|  0%| F|  |TAMS 0x0000000083700000, 0x0000000083700000| Untracked 
|  56|0x0000000083800000, 0x0000000083800000, 0x0000000083900000|  0%| F|  |TAMS 0x0000000083800000, 0x0000000083800000| Untracked 
|  57|0x0000000083900000, 0x0000000083900000, 0x0000000083a00000|  0%| F|  |TAMS 0x0000000083900000, 0x0000000083900000| Untracked 
|  58|0x0000000083a00000, 0x0000000083a00000, 0x0000000083b00000|  0%| F|  |TAMS 0x0000000083a00000, 0x0000000083a00000| Untracked 
|  59|0x0000000083b00000, 0x0000000083b00000, 0x0000000083c00000|  0%| F|  |TAMS 0x0000000083b00000, 0x0000000083b00000| Untracked 
|  60|0x0000000083c00000, 0x0000000083c00000, 0x0000000083d00000|  0%| F|  |TAMS 0x0000000083c00000, 0x0000000083c00000| Untracked 
|  61|0x0000000083d00000, 0x0000000083d00000, 0x0000000083e00000|  0%| F|  |TAMS 0x0000000083d00000, 0x0000000083d00000| Untracked 
|  62|0x0000000083e00000, 0x0000000083e00000, 0x0000000083f00000|  0%| F|  |TAMS 0x0000000083e00000, 0x0000000083e00000| Untracked 
|  63|0x0000000083f00000, 0x0000000083f00000, 0x0000000084000000|  0%| F|  |TAMS 0x0000000083f00000, 0x0000000083f00000| Untracked 
|  64|0x0000000084000000, 0x0000000084000000, 0x0000000084100000|  0%| F|  |TAMS 0x0000000084000000, 0x0000000084000000| Untracked 
|  65|0x0000000084100000, 0x0000000084100000, 0x0000000084200000|  0%| F|  |TAMS 0x0000000084100000, 0x0000000084100000| Untracked 
|  66|0x0000000084200000, 0x0000000084200000, 0x0000000084300000|  0%| F|  |TAMS 0x0000000084200000, 0x0000000084200000| Untracked 
|  67|0x0000000084300000, 0x0000000084300000, 0x0000000084400000|  0%| F|  |TAMS 0x0000000084300000, 0x0000000084300000| Untracked 
|  68|0x0000000084400000, 0x0000000084400000, 0x0000000084500000|  0%| F|  |TAMS 0x0000000084400000, 0x0000000084400000| Untracked 
|  69|0x0000000084500000, 0x0000000084500000, 0x0000000084600000|  0%| F|  |TAMS 0x0000000084500000, 0x0000000084500000| Untracked 
|  70|0x0000000084600000, 0x0000000084600000, 0x0000000084700000|  0%| F|  |TAMS 0x0000000084600000, 0x0000000084600000| Untracked 
|  71|0x0000000084700000, 0x0000000084700000, 0x0000000084800000|  0%| F|  |TAMS 0x0000000084700000, 0x0000000084700000| Untracked 
|  72|0x0000000084800000, 0x0000000084800000, 0x0000000084900000|  0%| F|  |TAMS 0x0000000084800000, 0x0000000084800000| Untracked 
|  73|0x0000000084900000, 0x0000000084900000, 0x0000000084a00000|  0%| F|  |TAMS 0x0000000084900000, 0x0000000084900000| Untracked 
|  74|0x0000000084a00000, 0x0000000084a00000, 0x0000000084b00000|  0%| F|  |TAMS 0x0000000084a00000, 0x0000000084a00000| Untracked 
|  75|0x0000000084b00000, 0x0000000084b00000, 0x0000000084c00000|  0%| F|  |TAMS 0x0000000084b00000, 0x0000000084b00000| Untracked 
|  76|0x0000000084c00000, 0x0000000084c00000, 0x0000000084d00000|  0%| F|  |TAMS 0x0000000084c00000, 0x0000000084c00000| Untracked 
|  77|0x0000000084d00000, 0x0000000084d00000, 0x0000000084e00000|  0%| F|  |TAMS 0x0000000084d00000, 0x0000000084d00000| Untracked 
|  78|0x0000000084e00000, 0x0000000084e00000, 0x0000000084f00000|  0%| F|  |TAMS 0x0000000084e00000, 0x0000000084e00000| Untracked 
|  79|0x0000000084f00000, 0x0000000084f00000, 0x0000000085000000|  0%| F|  |TAMS 0x0000000084f00000, 0x0000000084f00000| Untracked 
|  80|0x0000000085000000, 0x0000000085000000, 0x0000000085100000|  0%| F|  |TAMS 0x0000000085000000, 0x0000000085000000| Untracked 
|  81|0x0000000085100000, 0x0000000085100000, 0x0000000085200000|  0%| F|  |TAMS 0x0000000085100000, 0x0000000085100000| Untracked 
|  82|0x0000000085200000, 0x0000000085200000, 0x0000000085300000|  0%| F|  |TAMS 0x0000000085200000, 0x0000000085200000| Untracked 
|  83|0x0000000085300000, 0x0000000085300000, 0x0000000085400000|  0%| F|  |TAMS 0x0000000085300000, 0x0000000085300000| Untracked 
|  84|0x0000000085400000, 0x0000000085400000, 0x0000000085500000|  0%| F|  |TAMS 0x0000000085400000, 0x0000000085400000| Untracked 
|  85|0x0000000085500000, 0x0000000085500000, 0x0000000085600000|  0%| F|  |TAMS 0x0000000085500000, 0x0000000085500000| Untracked 
|  86|0x0000000085600000, 0x0000000085600000, 0x0000000085700000|  0%| F|  |TAMS 0x0000000085600000, 0x0000000085600000| Untracked 
|  87|0x0000000085700000, 0x0000000085700000, 0x0000000085800000|  0%| F|  |TAMS 0x0000000085700000, 0x0000000085700000| Untracked 
|  88|0x0000000085800000, 0x0000000085800000, 0x0000000085900000|  0%| F|  |TAMS 0x0000000085800000, 0x0000000085800000| Untracked 
|  89|0x0000000085900000, 0x0000000085900000, 0x0000000085a00000|  0%| F|  |TAMS 0x0000000085900000, 0x0000000085900000| Untracked 
|  90|0x0000000085a00000, 0x0000000085a00000, 0x0000000085b00000|  0%| F|  |TAMS 0x0000000085a00000, 0x0000000085a00000| Untracked 
|  91|0x0000000085b00000, 0x0000000085b00000, 0x0000000085c00000|  0%| F|  |TAMS 0x0000000085b00000, 0x0000000085b00000| Untracked 
|  92|0x0000000085c00000, 0x0000000085c00000, 0x0000000085d00000|  0%| F|  |TAMS 0x0000000085c00000, 0x0000000085c00000| Untracked 
|  93|0x0000000085d00000, 0x0000000085d00000, 0x0000000085e00000|  0%| F|  |TAMS 0x0000000085d00000, 0x0000000085d00000| Untracked 
|  94|0x0000000085e00000, 0x0000000085e00000, 0x0000000085f00000|  0%| F|  |TAMS 0x0000000085e00000, 0x0000000085e00000| Untracked 
|  95|0x0000000085f00000, 0x0000000085f00000, 0x0000000086000000|  0%| F|  |TAMS 0x0000000085f00000, 0x0000000085f00000| Untracked 
|  96|0x0000000086000000, 0x0000000086000000, 0x0000000086100000|  0%| F|  |TAMS 0x0000000086000000, 0x0000000086000000| Untracked 
|  97|0x0000000086100000, 0x0000000086100000, 0x0000000086200000|  0%| F|  |TAMS 0x0000000086100000, 0x0000000086100000| Untracked 
|  98|0x0000000086200000, 0x0000000086200000, 0x0000000086300000|  0%| F|  |TAMS 0x0000000086200000, 0x0000000086200000| Untracked 
|  99|0x0000000086300000, 0x0000000086300000, 0x0000000086400000|  0%| F|  |TAMS 0x0000000086300000, 0x0000000086300000| Untracked 
| 100|0x0000000086400000, 0x0000000086400000, 0x0000000086500000|  0%| F|  |TAMS 0x0000000086400000, 0x0000000086400000| Untracked 
| 101|0x0000000086500000, 0x0000000086500000, 0x0000000086600000|  0%| F|  |TAMS 0x0000000086500000, 0x0000000086500000| Untracked 
| 102|0x0000000086600000, 0x0000000086600000, 0x0000000086700000|  0%| F|  |TAMS 0x0000000086600000, 0x0000000086600000| Untracked 
| 103|0x0000000086700000, 0x0000000086700000, 0x0000000086800000|  0%| F|  |TAMS 0x0000000086700000, 0x0000000086700000| Untracked 
| 104|0x0000000086800000, 0x0000000086800000, 0x0000000086900000|  0%| F|  |TAMS 0x0000000086800000, 0x0000000086800000| Untracked 
| 105|0x0000000086900000, 0x0000000086900000, 0x0000000086a00000|  0%| F|  |TAMS 0x0000000086900000, 0x0000000086900000| Untracked 
| 106|0x0000000086a00000, 0x0000000086a00000, 0x0000000086b00000|  0%| F|  |TAMS 0x0000000086a00000, 0x0000000086a00000| Untracked 
| 107|0x0000000086b00000, 0x0000000086b00000, 0x0000000086c00000|  0%| F|  |TAMS 0x0000000086b00000, 0x0000000086b00000| Untracked 
| 108|0x0000000086c00000, 0x0000000086c00000, 0x0000000086d00000|  0%| F|  |TAMS 0x0000000086c00000, 0x0000000086c00000| Untracked 
| 109|0x0000000086d00000, 0x0000000086d00000, 0x0000000086e00000|  0%| F|  |TAMS 0x0000000086d00000, 0x0000000086d00000| Untracked 
| 110|0x0000000086e00000, 0x0000000086e00000, 0x0000000086f00000|  0%| F|  |TAMS 0x0000000086e00000, 0x0000000086e00000| Untracked 
| 111|0x0000000086f00000, 0x0000000086f00000, 0x0000000087000000|  0%| F|  |TAMS 0x0000000086f00000, 0x0000000086f00000| Untracked 
| 112|0x0000000087000000, 0x0000000087000000, 0x0000000087100000|  0%| F|  |TAMS 0x0000000087000000, 0x0000000087000000| Untracked 
| 113|0x0000000087100000, 0x0000000087100000, 0x0000000087200000|  0%| F|  |TAMS 0x0000000087100000, 0x0000000087100000| Untracked 
| 114|0x0000000087200000, 0x0000000087200000, 0x0000000087300000|  0%| F|  |TAMS 0x0000000087200000, 0x0000000087200000| Untracked 
| 115|0x0000000087300000, 0x0000000087300000, 0x0000000087400000|  0%| F|  |TAMS 0x0000000087300000, 0x0000000087300000| Untracked 
| 116|0x0000000087400000, 0x0000000087400000, 0x0000000087500000|  0%| F|  |TAMS 0x0000000087400000, 0x0000000087400000| Untracked 
| 117|0x0000000087500000, 0x0000000087600000, 0x0000000087600000|100%| S|CS|TAMS 0x0000000087500000, 0x0000000087500000| Complete 
| 118|0x0000000087600000, 0x0000000087700000, 0x0000000087700000|100%| S|CS|TAMS 0x0000000087600000, 0x0000000087600000| Complete 
| 119|0x0000000087700000, 0x0000000087700000, 0x0000000087800000|  0%| F|  |TAMS 0x0000000087700000, 0x0000000087700000| Untracked 
| 120|0x0000000087800000, 0x0000000087842a78, 0x0000000087900000| 26%| E|  |TAMS 0x0000000087800000, 0x0000000087800000| Complete 
| 121|0x0000000087900000, 0x0000000087a00000, 0x0000000087a00000|100%| E|CS|TAMS 0x0000000087900000, 0x0000000087900000| Complete 
| 122|0x0000000087a00000, 0x0000000087b00000, 0x0000000087b00000|100%| E|CS|TAMS 0x0000000087a00000, 0x0000000087a00000| Complete 
| 123|0x0000000087b00000, 0x0000000087c00000, 0x0000000087c00000|100%| E|CS|TAMS 0x0000000087b00000, 0x0000000087b00000| Complete 
| 124|0x0000000087c00000, 0x0000000087d00000, 0x0000000087d00000|100%| E|CS|TAMS 0x0000000087c00000, 0x0000000087c00000| Complete 
| 125|0x0000000087d00000, 0x0000000087e00000, 0x0000000087e00000|100%| E|CS|TAMS 0x0000000087d00000, 0x0000000087d00000| Complete 
| 126|0x0000000087e00000, 0x0000000087f00000, 0x0000000087f00000|100%| E|CS|TAMS 0x0000000087e00000, 0x0000000087e00000| Complete 
| 127|0x0000000087f00000, 0x0000000088000000, 0x0000000088000000|100%| E|CS|TAMS 0x0000000087f00000, 0x0000000087f00000| Complete 

Card table byte_map: [0x000001cfed250000,0x000001cfed650000] _byte_map_base: 0x000001cfece50000

Marking Bits (Prev, Next): (CMBitMap*) 0x000001cfe4d79f40, (CMBitMap*) 0x000001cfe4d79f80
 Prev Bits: [0x000001cfeda50000, 0x000001cfefa50000)
 Next Bits: [0x000001cfefa50000, 0x000001cff1a50000)

Polling page: 0x000001cfe4e10000

Metaspace:

Usage:
  Non-class:     15.82 MB used.
      Class:      1.99 MB used.
       Both:     17.81 MB used.

Virtual space:
  Non-class space:       24.00 MB reserved,      15.94 MB ( 66%) committed,  3 nodes.
      Class space:        1.00 GB reserved,       2.06 MB ( <1%) committed,  1 nodes.
             Both:        1.02 GB reserved,      18.00 MB (  2%) committed. 

Chunk freelists:
   Non-Class:  3.57 MB
       Class:  1.83 MB
        Both:  5.40 MB

MaxMetaspaceSize: unlimited
CompressedClassSpaceSize: 1.00 GB
Initial GC threshold: 21.00 MB
Current GC threshold: 21.00 MB
CDS: off
MetaspaceReclaimPolicy: balanced
 - commit_granule_bytes: 65536.
 - commit_granule_words: 8192.
 - virtual_space_node_default_size: 1048576.
 - enlarge_chunks_in_place: 1.
 - new_chunks_are_fully_committed: 0.
 - uncommit_free_chunks: 1.
 - use_allocation_guard: 0.
 - handle_deallocations: 1.


Internal statistics:

num_allocs_failed_limit: 0.
num_arena_births: 202.
num_arena_deaths: 0.
num_vsnodes_births: 4.
num_vsnodes_deaths: 0.
num_space_committed: 288.
num_space_uncommitted: 0.
num_chunks_returned_to_freelist: 0.
num_chunks_taken_from_freelist: 445.
num_chunk_merges: 0.
num_chunk_splits: 262.
num_chunks_enlarged: 163.
num_purges: 0.
num_inconsistent_stats: 0.

CodeCache: size=49152Kb used=4037Kb max_used=4037Kb free=45114Kb
 bounds [0x000001cfe9bd0000, 0x000001cfe9fd0000, 0x000001cfecbd0000]
 total_blobs=2074 nmethods=1613 adapters=388
 compilation: enabled
              stopped_count=0, restarted_count=0
 full_count=0

Compilation events (20 events):
Event: 1.535 Thread 0x000001cff3ecea00 1603       1       org.springframework.boot.env.OriginTrackedPropertiesLoader$CharacterReader::isWhiteSpace (40 bytes)
Event: 1.536 Thread 0x000001cff3ecea00 nmethod 1603 0x000001cfe9fbd610 code [0x000001cfe9fbd7a0, 0x000001cfe9fbd8b8]
Event: 1.536 Thread 0x000001cff3ec12e0 1604       1       sun.invoke.util.VerifyAccess::getClassModifiers (24 bytes)
Event: 1.536 Thread 0x000001cff3ecea00 1605       1       java.lang.invoke.MethodHandles$Lookup::findBoundCallerLookup (30 bytes)
Event: 1.536 Thread 0x000001cff3ec12e0 nmethod 1604 0x000001cfe9fbd910 code [0x000001cfe9fbdac0, 0x000001cfe9fbdc18]
Event: 1.536 Thread 0x000001cff3ec12e0 1606       1       java.lang.invoke.MethodHandles$Lookup::getDirectMethodCommon (280 bytes)
Event: 1.536 Thread 0x000001cff3ecea00 nmethod 1605 0x000001cfe9fbdd10 code [0x000001cfe9fbdec0, 0x000001cfe9fbe118]
Event: 1.536 Thread 0x000001cff3ecea00 1607       1       java.lang.invoke.MethodHandles$Lookup::checkMethod (87 bytes)
Event: 1.537 Thread 0x000001cff3ecea00 nmethod 1607 0x000001cfe9fbe210 code [0x000001cfe9fbe3c0, 0x000001cfe9fbe5b8]
Event: 1.537 Thread 0x000001cff3ecea00 1608       1       java.lang.invoke.MethodHandles$Lookup::maybeBindCaller (72 bytes)
Event: 1.537 Thread 0x000001cff3ec12e0 nmethod 1606 0x000001cfe9fbe690 code [0x000001cfe9fbe900, 0x000001cfe9fbf018]
Event: 1.537 Thread 0x000001cff3ecea00 nmethod 1608 0x000001cfe9fbf490 code [0x000001cfe9fbf660, 0x000001cfe9fbf948]
Event: 1.538 Thread 0x000001cff3ec12e0 1609       1       java.util.Collections::emptyIterator (4 bytes)
Event: 1.538 Thread 0x000001cff3ec12e0 nmethod 1609 0x000001cfe9fbfa90 code [0x000001cfe9fbfc20, 0x000001cfe9fbfcd8]
Event: 1.542 Thread 0x000001cff3ecea00 1610       1       java.lang.Module::isExported (18 bytes)
Event: 1.542 Thread 0x000001cff3ecea00 nmethod 1610 0x000001cfe9fbfd90 code [0x000001cfe9fbff40, 0x000001cfe9fc0168]
Event: 1.543 Thread 0x000001cff3ecea00 1611       1       java.lang.Class::getInterfaces (6 bytes)
Event: 1.543 Thread 0x000001cff3ec12e0 1612   !   1       jdk.internal.reflect.NativeConstructorAccessorImpl::newInstance (122 bytes)
Event: 1.543 Thread 0x000001cff3ecea00 nmethod 1611 0x000001cfe9fc0290 code [0x000001cfe9fc0420, 0x000001cfe9fc0508]
Event: 1.544 Thread 0x000001cff3ec12e0 nmethod 1612 0x000001cfe9fc0a90 code [0x000001cfe9fc0c80, 0x000001cfe9fc10c8]

GC Heap History (6 events):
Event: 0.542 GC heap before
{Heap before GC invocations=0 (full 0):
 garbage-first heap   total 131072K, used 5120K [0x0000000080000000, 0x0000000100000000)
  region size 1024K, 6 young (6144K), 0 survivors (0K)
 Metaspace       used 8838K, committed 9024K, reserved 1056768K
  class space    used 847K, committed 960K, reserved 1048576K
}
Event: 0.550 GC heap after
{Heap after GC invocations=1 (full 0):
 garbage-first heap   total 131072K, used 3393K [0x0000000080000000, 0x0000000100000000)
  region size 1024K, 1 young (1024K), 1 survivors (1024K)
 Metaspace       used 8838K, committed 9024K, reserved 1056768K
  class space    used 847K, committed 960K, reserved 1048576K
}
Event: 0.970 GC heap before
{Heap before GC invocations=1 (full 0):
 garbage-first heap   total 131072K, used 8513K [0x0000000080000000, 0x0000000100000000)
  region size 1024K, 6 young (6144K), 1 survivors (1024K)
 Metaspace       used 13261K, committed 13504K, reserved 1064960K
  class space    used 1346K, committed 1472K, reserved 1048576K
}
Event: 0.977 GC heap after
{Heap after GC invocations=2 (full 0):
 garbage-first heap   total 131072K, used 4825K [0x0000000080000000, 0x0000000100000000)
  region size 1024K, 1 young (1024K), 1 survivors (1024K)
 Metaspace       used 13261K, committed 13504K, reserved 1064960K
  class space    used 1346K, committed 1472K, reserved 1048576K
}
Event: 1.274 GC heap before
{Heap before GC invocations=2 (full 0):
 garbage-first heap   total 131072K, used 11993K [0x0000000080000000, 0x0000000100000000)
  region size 1024K, 9 young (9216K), 1 survivors (1024K)
 Metaspace       used 15999K, committed 16128K, reserved 1064960K
  class space    used 1725K, committed 1792K, reserved 1048576K
}
Event: 1.282 GC heap after
{Heap after GC invocations=3 (full 0):
 garbage-first heap   total 131072K, used 5849K [0x0000000080000000, 0x0000000100000000)
  region size 1024K, 2 young (2048K), 2 survivors (2048K)
 Metaspace       used 15999K, committed 16128K, reserved 1064960K
  class space    used 1725K, committed 1792K, reserved 1048576K
}

Deoptimization events (2 events):
Event: 0.476 Thread 0x000001cfe4d3a9d0 DEOPT PACKING pc=0x000001cfe9df9bf5 sp=0x0000007bb5dfcfd0
Event: 0.476 Thread 0x000001cfe4d3a9d0 DEOPT UNPACKING pc=0x000001cfe9c22b43 sp=0x0000007bb5dfc440 mode 3

Classes unloaded (0 events):
No events

Classes redefined (0 events):
No events

Internal exceptions (20 events):
Event: 1.073 Thread 0x000001cfe4d3a9d0 Exception <a 'java/lang/NoSuchMethodError'{0x0000000087d69178}: 'java.lang.Object java.lang.invoke.DirectMethodHandle$Holder.invokeSpecialIFC(java.lang.Object, java.lang.Object, java.lang.Object, java.lang.Object)'> (0x0000000087d69178) 
thrown [e:\jenkins\tmp\workspace\build\src\src\hotspot\share\interpreter\linkResolver.cpp, line 766]
Event: 1.093 Thread 0x000001cff4e8c330 Exception <a 'java/lang/ClassNotFoundException'{0x0000000087dc0740}: javax/management/remote/rmi/RMIConnectionImpl_Skel> (0x0000000087dc0740) 
thrown [e:\jenkins\tmp\workspace\build\src\src\hotspot\share\classfile\systemDictionary.cpp, line 256]
Event: 1.112 Thread 0x000001cff5249500 Exception <a 'java/lang/NoSuchMethodError'{0x0000000087c6fb20}: 'java.lang.Object java.lang.invoke.Invokers$Holder.linkToTargetMethod(java.lang.Object, long, java.lang.Object)'> (0x0000000087c6fb20) 
thrown [e:\jenkins\tmp\workspace\build\src\src\hotspot\share\interpreter\linkResolver.cpp, line 766]
Event: 1.113 Thread 0x000001cff4e8c330 Exception <a 'java/lang/reflect/InvocationTargetException'{0x0000000087c5a600}> (0x0000000087c5a600) 
thrown [e:\jenkins\tmp\workspace\build\src\src\hotspot\share\runtime\reflection.cpp, line 1121]
Event: 1.123 Thread 0x000001cfe4d3a9d0 Exception <a 'java/lang/NoSuchMethodError'{0x0000000087caba18}: 'int java.lang.invoke.DirectMethodHandle$Holder.invokeStaticInit(java.lang.Object, java.lang.Object)'> (0x0000000087caba18) 
thrown [e:\jenkins\tmp\workspace\build\src\src\hotspot\share\interpreter\linkResolver.cpp, line 766]
Event: 1.126 Thread 0x000001cff4e8c330 Exception <a 'java/lang/NoSuchMethodError'{0x0000000087cc3840}: static [Ljava/lang/StackTraceElement;.<clinit>()V> (0x0000000087cc3840) 
thrown [e:\jenkins\tmp\workspace\build\src\src\hotspot\share\prims\jni.cpp, line 1107]
Event: 1.193 Thread 0x000001cfe4d3a9d0 Exception <a 'java/lang/NoSuchMethodError'{0x0000000087973d88}: 'int java.lang.invoke.DirectMethodHandle$Holder.invokeStaticInit(java.lang.Object, java.lang.Object, java.lang.Object)'> (0x0000000087973d88) 
thrown [e:\jenkins\tmp\workspace\build\src\src\hotspot\share\interpreter\linkResolver.cpp, line 766]
Event: 1.202 Thread 0x000001cfe4d3a9d0 Exception <a 'java/lang/NoSuchMethodError'{0x00000000879ca260}: 'java.lang.Object java.lang.invoke.DirectMethodHandle$Holder.newInvokeSpecial(java.lang.Object, java.lang.Object, java.lang.Object, java.lang.Object, java.lang.Object)'> (0x00000000879ca260) 
thrown [e:\jenkins\tmp\workspace\build\src\src\hotspot\share\interpreter\linkResolver.cpp, line 766]
Event: 1.261 Thread 0x000001cfe4d3a9d0 Exception <a 'sun/nio/fs/WindowsException'{0x000000008779feb0}> (0x000000008779feb0) 
thrown [e:\jenkins\tmp\workspace\build\src\src\hotspot\share\prims\jni.cpp, line 516]
Event: 1.376 Thread 0x000001cfe4d3a9d0 Exception <a 'java/lang/NoSuchMethodError'{0x0000000087d345f0}: 'void java.lang.invoke.DirectMethodHandle$Holder.invokeStatic(java.lang.Object, java.lang.Object, java.lang.Object, java.lang.Object)'> (0x0000000087d345f0) 
thrown [e:\jenkins\tmp\workspace\build\src\src\hotspot\share\interpreter\linkResolver.cpp, line 766]
Event: 1.381 Thread 0x000001cfe4d3a9d0 Exception <a 'java/lang/NoSuchMethodError'{0x0000000087d53180}: 'java.lang.Object java.lang.invoke.Invokers$Holder.invokeExact_MT(java.lang.Object, java.lang.Object, java.lang.Object, java.lang.Object, java.lang.Object, java.lang.Object)'> (0x0000000087d53180) 
thrown [e:\jenkins\tmp\workspace\build\src\src\hotspot\share\interpreter\linkResolver.cpp, line 766]
Event: 1.382 Thread 0x000001cfe4d3a9d0 Exception <a 'java/lang/NoSuchMethodError'{0x0000000087d5d1a0}: 'void java.lang.invoke.DirectMethodHandle$Holder.invokeStaticInit(java.lang.Object, java.lang.Object, java.lang.Object, java.lang.Object)'> (0x0000000087d5d1a0) 
thrown [e:\jenkins\tmp\workspace\build\src\src\hotspot\share\interpreter\linkResolver.cpp, line 766]
Event: 1.385 Thread 0x000001cfe4d3a9d0 Exception <a 'java/lang/NoSuchMethodError'{0x0000000087d6eb00}: 'java.lang.Object java.lang.invoke.DirectMethodHandle$Holder.invokeInterface(java.lang.Object, java.lang.Object, java.lang.Object)'> (0x0000000087d6eb00) 
thrown [e:\jenkins\tmp\workspace\build\src\src\hotspot\share\interpreter\linkResolver.cpp, line 766]
Event: 1.386 Thread 0x000001cfe4d3a9d0 Exception <a 'java/lang/IncompatibleClassChangeError'{0x0000000087d72488}: Found class java.lang.Object, but interface was expected> (0x0000000087d72488) 
thrown [e:\jenkins\tmp\workspace\build\src\src\hotspot\share\interpreter\linkResolver.cpp, line 833]
Event: 1.412 Thread 0x000001cfe4d3a9d0 Exception <a 'java/lang/NoSuchMethodError'{0x0000000087c47a70}: 'int java.lang.invoke.DirectMethodHandle$Holder.invokeSpecial(java.lang.Object, java.lang.Object, java.lang.Object, java.lang.Object)'> (0x0000000087c47a70) 
thrown [e:\jenkins\tmp\workspace\build\src\src\hotspot\share\interpreter\linkResolver.cpp, line 766]
Event: 1.464 Thread 0x000001cfe4d3a9d0 Exception <a 'java/lang/NoSuchMethodError'{0x0000000087bb3090}: 'java.lang.Object java.lang.invoke.DirectMethodHandle$Holder.newInvokeSpecial(java.lang.Object, java.lang.Object, java.lang.Object, java.lang.Object, java.lang.Object, java.lang.Object)'> (0x0000000087bb3090) 
thrown [e:\jenkins\tmp\workspace\build\src\src\hotspot\share\interpreter\linkResolver.cpp, line 766]
Event: 1.482 Thread 0x000001cfe4d3a9d0 Exception <a 'java/lang/NoSuchMethodError'{0x0000000087a52808}: 'java.lang.Object java.lang.invoke.DirectMethodHandle$Holder.invokeSpecial(java.lang.Object, java.lang.Object, java.lang.Object, java.lang.Object, java.lang.Object, java.lang.Object, int)'> (0x0000000087a52808) 
thrown [e:\jenkins\tmp\workspace\build\src\src\hotspot\share\interpreter\linkResolver.cpp, line 766]
Event: 1.483 Thread 0x000001cfe4d3a9d0 Exception <a 'java/lang/NoSuchMethodError'{0x0000000087a5cd68}: 'java.lang.Object java.lang.invoke.DirectMethodHandle$Holder.newInvokeSpecial(java.lang.Object, java.lang.Object, java.lang.Object, java.lang.Object, java.lang.Object, java.lang.Object, int)'> (0x0000000087a5cd68) 
thrown [e:\jenkins\tmp\workspace\build\src\src\hotspot\share\interpreter\linkResolver.cpp, line 766]
Event: 1.483 Thread 0x000001cfe4d3a9d0 Exception <a 'java/lang/NoSuchMethodError'{0x0000000087a61da8}: 'java.lang.Object java.lang.invoke.DirectMethodHandle$Holder.invokeSpecial(java.lang.Object, java.lang.Object, java.lang.Object, java.lang.Object, java.lang.Object, java.lang.Object, java.lang.Object, int)'> (0x0000000087a61da8) 
thrown [e:\jenkins\tmp\workspace\build\src\src\hotspot\share\interpreter\linkResolver.cpp, line 766]
Event: 1.535 Thread 0x000001cfe4d3a9d0 Exception <a 'java/lang/NoSuchMethodError'{0x00000000879d5460}: 'int java.lang.invoke.DirectMethodHandle$Holder.invokeVirtual(java.lang.Object, java.lang.Object)'> (0x00000000879d5460) 
thrown [e:\jenkins\tmp\workspace\build\src\src\hotspot\share\interpreter\linkResolver.cpp, line 766]

VM Operations (20 events):
Event: 0.542 Executing VM operation: G1CollectForAllocation
Event: 0.550 Executing VM operation: G1CollectForAllocation done
Event: 0.604 Executing VM operation: HandshakeAllThreads
Event: 0.604 Executing VM operation: HandshakeAllThreads done
Event: 0.655 Executing VM operation: HandshakeAllThreads
Event: 0.655 Executing VM operation: HandshakeAllThreads done
Event: 0.748 Executing VM operation: HandshakeAllThreads
Event: 0.748 Executing VM operation: HandshakeAllThreads done
Event: 0.970 Executing VM operation: G1CollectForAllocation
Event: 0.977 Executing VM operation: G1CollectForAllocation done
Event: 1.051 Executing VM operation: HandshakeAllThreads
Event: 1.051 Executing VM operation: HandshakeAllThreads done
Event: 1.084 Executing VM operation: HandshakeAllThreads
Event: 1.091 Executing VM operation: HandshakeAllThreads done
Event: 1.262 Executing VM operation: HandshakeAllThreads
Event: 1.262 Executing VM operation: HandshakeAllThreads done
Event: 1.274 Executing VM operation: G1CollectForAllocation
Event: 1.282 Executing VM operation: G1CollectForAllocation done
Event: 1.532 Executing VM operation: HandshakeAllThreads
Event: 1.532 Executing VM operation: HandshakeAllThreads done

Events (20 events):
Event: 1.481 loading class java/util/stream/StreamSpliterators done
Event: 1.481 loading class java/util/function/BooleanSupplier
Event: 1.482 loading class java/util/function/BooleanSupplier done
Event: 1.506 loading class java/util/regex/Matcher
Event: 1.506 loading class java/util/regex/MatchResult
Event: 1.506 loading class java/util/regex/MatchResult done
Event: 1.506 loading class java/util/regex/Matcher done
Event: 1.506 loading class java/util/regex/IntHashSet
Event: 1.506 loading class java/util/regex/IntHashSet done
Event: 1.531 loading class java/io/LineNumberReader
Event: 1.531 loading class java/io/LineNumberReader done
Event: 1.532 loading class sun/net/ProgressMonitor
Event: 1.532 loading class sun/net/ProgressMonitor done
Event: 1.532 loading class sun/net/DefaultProgressMeteringPolicy
Event: 1.532 loading class sun/net/ProgressMeteringPolicy
Event: 1.532 loading class sun/net/ProgressMeteringPolicy done
Event: 1.532 loading class sun/net/DefaultProgressMeteringPolicy done
Event: 1.533 loading class sun/nio/cs/ISO_8859_1$Decoder
Event: 1.533 loading class sun/nio/cs/ISO_8859_1$Decoder done
Event: 1.546 loading class sun/reflect/generics/scope/ConstructorScope


Dynamic libraries:
0x00007ff7d2670000 - 0x00007ff7d267e000 	C:\Users\sfjbs\Downloads\sts-4.14.1.RELEASE\plugins\org.eclipse.justj.openjdk.hotspot.jre.full.win32.x86_64_17.0.2.v20220201-1208\jre\bin\javaw.exe
0x00007ffbd3250000 - 0x00007ffbd3445000 	C:\Windows\SYSTEM32\ntdll.dll
0x00007ffbd2a50000 - 0x00007ffbd2b0d000 	C:\Windows\System32\KERNEL32.DLL
0x00007ffbd0bf0000 - 0x00007ffbd0ebd000 	C:\Windows\System32\KERNELBASE.dll
0x00007ffbd0a80000 - 0x00007ffbd0b80000 	C:\Windows\System32\ucrtbase.dll
0x00007ffbb9ec0000 - 0x00007ffbb9ed8000 	C:\Users\sfjbs\Downloads\sts-4.14.1.RELEASE\plugins\org.eclipse.justj.openjdk.hotspot.jre.full.win32.x86_64_17.0.2.v20220201-1208\jre\bin\jli.dll
0x00007ffbd2040000 - 0x00007ffbd21e0000 	C:\Windows\System32\USER32.dll
0x00007ffbd0ec0000 - 0x00007ffbd0ee2000 	C:\Windows\System32\win32u.dll
0x00007ffbd2900000 - 0x00007ffbd292a000 	C:\Windows\System32\GDI32.dll
0x00007ffbd0f80000 - 0x00007ffbd108b000 	C:\Windows\System32\gdi32full.dll
0x00007ffbd09e0000 - 0x00007ffbd0a7d000 	C:\Windows\System32\msvcp_win.dll
0x00007ffbbd1a0000 - 0x00007ffbbd1b9000 	C:\Users\sfjbs\Downloads\sts-4.14.1.RELEASE\plugins\org.eclipse.justj.openjdk.hotspot.jre.full.win32.x86_64_17.0.2.v20220201-1208\jre\bin\VCRUNTIME140.dll
0x00007ffbb2ae0000 - 0x00007ffbb2d7a000 	C:\Windows\WinSxS\amd64_microsoft.windows.common-controls_6595b64144ccf1df_6.0.19041.1110_none_60b5254171f9507e\COMCTL32.dll
0x00007ffbd13d0000 - 0x00007ffbd146e000 	C:\Windows\System32\msvcrt.dll
0x00007ffbd1510000 - 0x00007ffbd1540000 	C:\Windows\System32\IMM32.DLL
0x00007ffbba190000 - 0x00007ffbba19c000 	C:\Users\sfjbs\Downloads\sts-4.14.1.RELEASE\plugins\org.eclipse.justj.openjdk.hotspot.jre.full.win32.x86_64_17.0.2.v20220201-1208\jre\bin\vcruntime140_1.dll
0x00007ffba5f60000 - 0x00007ffba5ff1000 	C:\Users\sfjbs\Downloads\sts-4.14.1.RELEASE\plugins\org.eclipse.justj.openjdk.hotspot.jre.full.win32.x86_64_17.0.2.v20220201-1208\jre\bin\msvcp140.dll
0x00007ffb7d570000 - 0x00007ffb7e1b7000 	C:\Users\sfjbs\Downloads\sts-4.14.1.RELEASE\plugins\org.eclipse.justj.openjdk.hotspot.jre.full.win32.x86_64_17.0.2.v20220201-1208\jre\bin\server\jvm.dll
0x00007ffbd2770000 - 0x00007ffbd281e000 	C:\Windows\System32\ADVAPI32.dll
0x00007ffbd16c0000 - 0x00007ffbd175c000 	C:\Windows\System32\sechost.dll
0x00007ffbd12a0000 - 0x00007ffbd13c5000 	C:\Windows\System32\RPCRT4.dll
0x00007ffbd1470000 - 0x00007ffbd1478000 	C:\Windows\System32\PSAPI.DLL
0x00007ffbc94d0000 - 0x00007ffbc94d9000 	C:\Windows\SYSTEM32\WSOCK32.dll
0x00007ffbd2700000 - 0x00007ffbd276b000 	C:\Windows\System32\WS2_32.dll
0x00007ffbad970000 - 0x00007ffbad997000 	C:\Windows\SYSTEM32\WINMM.dll
0x00007ffbc87e0000 - 0x00007ffbc87ea000 	C:\Windows\SYSTEM32\VERSION.dll
0x00007ffbce840000 - 0x00007ffbce852000 	C:\Windows\SYSTEM32\kernel.appcore.dll
0x00007ffbb9c20000 - 0x00007ffbb9c2a000 	C:\Users\sfjbs\Downloads\sts-4.14.1.RELEASE\plugins\org.eclipse.justj.openjdk.hotspot.jre.full.win32.x86_64_17.0.2.v20220201-1208\jre\bin\jimage.dll
0x00007ffbbf440000 - 0x00007ffbbf624000 	C:\Windows\SYSTEM32\DBGHELP.DLL
0x00007ffbc0690000 - 0x00007ffbc06bc000 	C:\Windows\SYSTEM32\dbgcore.DLL
0x00007ffbd0ef0000 - 0x00007ffbd0f72000 	C:\Windows\System32\bcryptPrimitives.dll
0x00007ffbb9b10000 - 0x00007ffbb9b35000 	C:\Users\sfjbs\Downloads\sts-4.14.1.RELEASE\plugins\org.eclipse.justj.openjdk.hotspot.jre.full.win32.x86_64_17.0.2.v20220201-1208\jre\bin\java.dll
0x00007ffbb9c00000 - 0x00007ffbb9c18000 	C:\Users\sfjbs\Downloads\sts-4.14.1.RELEASE\plugins\org.eclipse.justj.openjdk.hotspot.jre.full.win32.x86_64_17.0.2.v20220201-1208\jre\bin\zip.dll
0x00007ffbd1890000 - 0x00007ffbd1fd4000 	C:\Windows\System32\SHELL32.dll
0x00007ffbcea40000 - 0x00007ffbcf1d4000 	C:\Windows\SYSTEM32\windows.storage.dll
0x00007ffbd2390000 - 0x00007ffbd26e4000 	C:\Windows\System32\combase.dll
0x00007ffbd02e0000 - 0x00007ffbd030c000 	C:\Windows\SYSTEM32\Wldp.dll
0x00007ffbd1610000 - 0x00007ffbd16bd000 	C:\Windows\System32\SHCORE.dll
0x00007ffbd28a0000 - 0x00007ffbd28f5000 	C:\Windows\System32\shlwapi.dll
0x00007ffbd08a0000 - 0x00007ffbd08bf000 	C:\Windows\SYSTEM32\profapi.dll
0x00007ffbb9af0000 - 0x00007ffbb9b09000 	C:\Users\sfjbs\Downloads\sts-4.14.1.RELEASE\plugins\org.eclipse.justj.openjdk.hotspot.jre.full.win32.x86_64_17.0.2.v20220201-1208\jre\bin\net.dll
0x00007ffbc84e0000 - 0x00007ffbc85ea000 	C:\Windows\SYSTEM32\WINHTTP.dll
0x00007ffbd0050000 - 0x00007ffbd00ba000 	C:\Windows\system32\mswsock.dll
0x00007ffbb9ad0000 - 0x00007ffbb9ae5000 	C:\Users\sfjbs\Downloads\sts-4.14.1.RELEASE\plugins\org.eclipse.justj.openjdk.hotspot.jre.full.win32.x86_64_17.0.2.v20220201-1208\jre\bin\nio.dll
0x00007ffbb99b0000 - 0x00007ffbb99b9000 	C:\Users\sfjbs\Downloads\sts-4.14.1.RELEASE\plugins\org.eclipse.justj.openjdk.hotspot.jre.full.win32.x86_64_17.0.2.v20220201-1208\jre\bin\management.dll
0x00007ffbb9210000 - 0x00007ffbb921b000 	C:\Users\sfjbs\Downloads\sts-4.14.1.RELEASE\plugins\org.eclipse.justj.openjdk.hotspot.jre.full.win32.x86_64_17.0.2.v20220201-1208\jre\bin\management_ext.dll
0x00007ffbb5750000 - 0x00007ffbb5767000 	C:\Windows\system32\napinsp.dll
0x00007ffbb5730000 - 0x00007ffbb574b000 	C:\Windows\system32\pnrpnsp.dll
0x00007ffbb5710000 - 0x00007ffbb5725000 	C:\Windows\system32\wshbth.dll
0x00007ffbcc320000 - 0x00007ffbcc33d000 	C:\Windows\system32\NLAapi.dll
0x00007ffbcfd00000 - 0x00007ffbcfd3b000 	C:\Windows\SYSTEM32\IPHLPAPI.DLL
0x00007ffbcfd40000 - 0x00007ffbcfe0b000 	C:\Windows\SYSTEM32\DNSAPI.dll
0x00007ffbd3200000 - 0x00007ffbd3208000 	C:\Windows\System32\NSI.dll
0x00007ffbb56f0000 - 0x00007ffbb5702000 	C:\Windows\System32\winrnr.dll
0x00007ffbc7d70000 - 0x00007ffbc7d7a000 	C:\Windows\System32\rasadhlp.dll
0x00007ffbc8460000 - 0x00007ffbc84e0000 	C:\Windows\System32\fwpuclnt.dll
0x00007ffbd09b0000 - 0x00007ffbd09d7000 	C:\Windows\System32\bcrypt.dll
0x00007ffbd0320000 - 0x00007ffbd0338000 	C:\Windows\SYSTEM32\CRYPTSP.dll
0x00007ffbcf990000 - 0x00007ffbcf9c4000 	C:\Windows\system32\rsaenh.dll
0x00007ffbd0820000 - 0x00007ffbd084e000 	C:\Windows\SYSTEM32\USERENV.dll
0x00007ffbd01e0000 - 0x00007ffbd01ec000 	C:\Windows\SYSTEM32\CRYPTBASE.dll
0x00007ffbc9520000 - 0x00007ffbc9537000 	C:\Windows\SYSTEM32\dhcpcsvc6.DLL
0x00007ffbc9500000 - 0x00007ffbc951d000 	C:\Windows\SYSTEM32\dhcpcsvc.DLL
0x00007ffbb9a80000 - 0x00007ffbb9a90000 	C:\Users\sfjbs\Downloads\sts-4.14.1.RELEASE\plugins\org.eclipse.justj.openjdk.hotspot.jre.full.win32.x86_64_17.0.2.v20220201-1208\jre\bin\verify.dll

dbghelp: loaded successfully - version: 4.0.5 - missing functions: none
symbol engine: initialized successfully - sym options: 0x614 - pdb path: .;C:\Users\sfjbs\Downloads\sts-4.14.1.RELEASE\plugins\org.eclipse.justj.openjdk.hotspot.jre.full.win32.x86_64_17.0.2.v20220201-1208\jre\bin;C:\Windows\SYSTEM32;C:\Windows\WinSxS\amd64_microsoft.windows.common-controls_6595b64144ccf1df_6.0.19041.1110_none_60b5254171f9507e;C:\Users\sfjbs\Downloads\sts-4.14.1.RELEASE\plugins\org.eclipse.justj.openjdk.hotspot.jre.full.win32.x86_64_17.0.2.v20220201-1208\jre\bin\server

VM Arguments:
jvm_args: -Dcom.sun.management.jmxremote -Dcom.sun.management.jmxremote.port=59300 -Dcom.sun.management.jmxremote.authenticate=false -Dcom.sun.management.jmxremote.ssl=false -Djava.rmi.server.hostname=localhost -Dspring.jmx.enabled=true -Dspring.application.admin.enabled=true -XX:TieredStopAtLevel=1 -Dspring.boot.project.name=springmongo1 -Dfile.encoding=UTF-8 -XX:+ShowCodeDetailsInExceptionMessages 
java_command: com.demo.Springmongo1Application --spring.output.ansi.enabled=always
java_class_path (initial): C:\Users\ADMIN\springmongo1\target\classes;C:\Users\sfjbs\.m2\repository\org\springframework\boot\spring-boot-starter-data-mongodb\2.7.0\spring-boot-starter-data-mongodb-2.7.0.jar;C:\Users\sfjbs\.m2\repository\org\springframework\boot\spring-boot-starter\2.7.0\spring-boot-starter-2.7.0.jar;C:\Users\sfjbs\.m2\repository\org\springframework\boot\spring-boot\2.7.0\spring-boot-2.7.0.jar;C:\Users\sfjbs\.m2\repository\org\springframework\boot\spring-boot-autoconfigure\2.7.0\spring-boot-autoconfigure-2.7.0.jar;C:\Users\sfjbs\.m2\repository\org\springframework\boot\spring-boot-starter-logging\2.7.0\spring-boot-starter-logging-2.7.0.jar;C:\Users\sfjbs\.m2\repository\ch\qos\logback\logback-classic\1.2.11\logback-classic-1.2.11.jar;C:\Users\sfjbs\.m2\repository\ch\qos\logback\logback-core\1.2.11\logback-core-1.2.11.jar;C:\Users\sfjbs\.m2\repository\org\apache\logging\log4j\log4j-to-slf4j\2.17.2\log4j-to-slf4j-2.17.2.jar;C:\Users\sfjbs\.m2\repository\org\apache\logging\log4j\log4j-api\2.17.2\log4j-api-2.17.2.jar;C:\Users\sfjbs\.m2\repository\org\slf4j\jul-to-slf4j\1.7.36\jul-to-slf4j-1.7.36.jar;C:\Users\sfjbs\.m2\repository\jakarta\annotation\jakarta.annotation-api\1.3.5\jakarta.annotation-api-1.3.5.jar;C:\Users\sfjbs\.m2\repository\org\yaml\snakeyaml\1.30\snakeyaml-1.30.jar;C:\Users\sfjbs\.m2\repository\org\mongodb\mongodb-driver-sync\4.6.0\mongodb-driver-sync-4.6.0.jar;C:\Users\sfjbs\.m2\repository\org\mongodb\bson\4.6.0\bson-4.6.0.jar;C:\Users\sfjbs\.m2\repository\org\mongodb\mongodb-driver-core\4.6.0\mongodb-driver-core-4.6.0.jar;C:\Users\sfjbs\.m2\repository\org\mongodb\bson-record-codec\4.6.0\bson-record-codec-4.6.0.jar;C:\Users\sfjbs\.m2\repository\org\springframework\data\spring-data-mongodb\3.4.0\spring-data-mongodb-3.4.0.jar;C:\Users\sfjbs\.m2\repository\org\springframework\spring-tx\5.3.20\spring-tx-5.3.20.jar;C:\Users\sfjbs\.m2\repository\org\springframework\spring-context\5.3.20\spring-context-5.3.20.jar;C:\Users\sfjbs\.m2\repository\or
Launcher Type: SUN_STANDARD

[Global flags]
     intx CICompilerCount                          = 2                                         {product} {ergonomic}
     uint ConcGCThreads                            = 1                                         {product} {ergonomic}
     uint G1ConcRefinementThreads                  = 2                                         {product} {ergonomic}
   size_t G1HeapRegionSize                         = 1048576                                   {product} {ergonomic}
    uintx GCDrainStackTargetSize                   = 64                                        {product} {ergonomic}
   size_t InitialHeapSize                          = 134217728                                 {product} {ergonomic}
     bool ManagementServer                         = true                                      {product} {command line}
   size_t MarkStackSize                            = 4194304                                   {product} {ergonomic}
   size_t MaxHeapSize                              = 2147483648                                {product} {ergonomic}
   size_t MaxNewSize                               = 1287651328                                {product} {ergonomic}
   size_t MinHeapDeltaBytes                        = 1048576                                   {product} {ergonomic}
   size_t MinHeapSize                              = 8388608                                   {product} {ergonomic}
    uintx NonProfiledCodeHeapSize                  = 0                                      {pd product} {ergonomic}
     bool ProfileInterpreter                       = false                                  {pd product} {command line}
    uintx ProfiledCodeHeapSize                     = 0                                      {pd product} {ergonomic}
     bool ShowCodeDetailsInExceptionMessages       = true                                   {manageable} {command line}
   size_t SoftMaxHeapSize                          = 2147483648                             {manageable} {ergonomic}
     intx TieredStopAtLevel                        = 1                                         {product} {command line}
     bool UseCompressedClassPointers               = true                           {product lp64_product} {ergonomic}
     bool UseCompressedOops                        = true                           {product lp64_product} {ergonomic}
     bool UseG1GC                                  = true                                      {product} {ergonomic}
     bool UseLargePagesIndividualAllocation        = false                                  {pd product} {ergonomic}

Logging:
Log output configuration:
 #0: stdout all=warning uptime,level,tags
 #1: stderr all=off uptime,level,tags

Environment Variables:
PATH=C:/Users/sfjbs/Downloads/sts-4.14.1.RELEASE//plugins/org.eclipse.justj.openjdk.hotspot.jre.full.win32.x86_64_17.0.2.v20220201-1208/jre/bin/server;C:/Users/sfjbs/Downloads/sts-4.14.1.RELEASE//plugins/org.eclipse.justj.openjdk.hotspot.jre.full.win32.x86_64_17.0.2.v20220201-1208/jre/bin;C:\Program Files\Common Files\Oracle\Java\javapath;C:\Windows\system32;C:\Windows;C:\Windows\System32\Wbem;C:\Windows\System32\WindowsPowerShell\v1.0\;C:\Windows\System32\OpenSSH\;C:\Users\sfjbs\Downloads\javamicro-20220514T190138Z-001\javamicro\apache-maven-3.8.5-bin\apache-maven-3.8.5\bin;C:\Users\sfjbs\Downloads\javamicro-20220514T190138Z-001\javamicro\apache-maven-3.8.5-bin\apache-maven-3.8.5\lib;C:\Program Files\Git\cmd;C:\Program Files\Docker\Docker\resources\bin;C:\ProgramData\DockerDesktop\version-bin;C:\Users\sfjbs\AppData\Local\Microsoft\WindowsApps;C:\Users\sfjbs\Downloads\javamicro-20220514T190138Z-001\javamicro\apache-maven-3.8.5-bin\apache-maven-3.8.5\bin;C:\Users\sfjbs\Downloads\javamicro-20220514T190138Z-001\javamicro\apache-maven-3.8.5-bin\apache-maven-3.8.5\lib;;C:\Program Files\JetBrains\IntelliJ IDEA Community Edition 2021.3.3\bin;;C:\Users\sfjbs\Downloads\sts-4.14.1.RELEASE;
USERNAME=sfjbs
OS=Windows_NT
PROCESSOR_IDENTIFIER=Intel64 Family 6 Model 85 Stepping 4, GenuineIntel



---------------  S Y S T E M  ---------------

OS:
 Windows 10 , 64 bit Build 19041 (10.0.19041.1706)
OS uptime: 0 days 22:36 hours
Hyper-V role detected

CPU: total 2 (initial active 2) (1 cores per cpu, 2 threads per core) family 6 model 85 stepping 4 microcode 0xffffffff, cx8, cmov, fxsr, ht, mmx, 3dnowpref, sse, sse2, sse3, ssse3, sse4.1, sse4.2, popcnt, lzcnt, tsc, avx, avx2, aes, erms, clmul, bmi1, bmi2, rtm, adx, fma, vzeroupper, clflush, clflushopt, hv

Memory: 4k page, system-wide physical 8190M (1261M free)
TotalPageFile size 10238M (AvailPageFile size 4M)
current process WorkingSet (physical memory assigned to process): 74M, peak: 74M
current process commit charge ("private bytes"): 211M, peak: 211M

vm_info: OpenJDK 64-Bit Server VM (17.0.2+8) for windows-amd64 JRE (17.0.2+8), built on Jan 20 2022 04:52:34 by "" with MS VC++ 16.7 (VS2019)

END.
